TpTrace Verbose: 0 : 20872, 1, 2022/10/31, 12:51:37.242, 168570783023, vstest.console.dll, Version: 17.3.1 Current process architecture: X64
TpTrace Verbose: 0 : 20872, 1, 2022/10/31, 12:51:37.244, 168570803006, vstest.console.dll, Runtime location: C:\Program Files\dotnet\shared\Microsoft.NETCore.App\6.0.10
TpTrace Information: 0 : 20872, 1, 2022/10/31, 12:51:37.251, 168570872380, vstest.console.dll, FilePatternParser: The given file D:\Source Tree_Git_Ecommerce\EcommerceAPI\Ecommerce.API.UnitTest\bin\Debug\net6.0\fine-code-coverage\build-output\Ecommerce.API.UnitTest.dll is a full path.
TpTrace Verbose: 0 : 20872, 1, 2022/10/31, 12:51:37.257, 168570925883, vstest.console.dll, TestPluginCache.DiscoverTestExtensions: finding test extensions in assemblies ends with: RuntimeProvider.dll TPluginInfo: Microsoft.VisualStudio.TestPlatform.Common.ExtensionFramework.Utilities.TestRuntimePluginInformation TExtension: Microsoft.VisualStudio.TestPlatform.ObjectModel.Host.ITestRuntimeProvider
TpTrace Verbose: 0 : 20872, 1, 2022/10/31, 12:51:37.257, 168570930338, vstest.console.dll, TestPluginCache.GetExtensionPaths: Filtered extension paths: 
TpTrace Verbose: 0 : 20872, 1, 2022/10/31, 12:51:37.257, 168570931994, vstest.console.dll, TestPluginCache.GetExtensionPaths: Added default extension paths: C:\Program Files\dotnet\sdk\6.0.402\Extensions\Microsoft.Diagnostics.NETCore.Client.dll
C:\Program Files\dotnet\sdk\6.0.402\Extensions\Microsoft.TestPlatform.Extensions.BlameDataCollector.dll
C:\Program Files\dotnet\sdk\6.0.402\Extensions\Microsoft.TestPlatform.Extensions.EventLogCollector.dll
C:\Program Files\dotnet\sdk\6.0.402\Extensions\Microsoft.TestPlatform.TestHostRuntimeProvider.dll
C:\Program Files\dotnet\sdk\6.0.402\Extensions\Microsoft.VisualStudio.TestPlatform.Extensions.Html.TestLogger.dll
C:\Program Files\dotnet\sdk\6.0.402\Extensions\Microsoft.VisualStudio.TestPlatform.Extensions.Trx.TestLogger.dll
TpTrace Verbose: 0 : 20872, 1, 2022/10/31, 12:51:37.257, 168570932457, vstest.console.dll, TestPluginCache.GetExtensionPaths: Added unfilterableExtensionPaths: 
TpTrace Information: 0 : 20872, 1, 2022/10/31, 12:51:37.258, 168570939368, vstest.console.dll, AssemblyResolver.ctor: Creating AssemblyResolver with searchDirectories C:\Program Files\dotnet\sdk\6.0.402\Extensions,C:\Program Files\dotnet\sdk\6.0.402
TpTrace Verbose: 0 : 20872, 1, 2022/10/31, 12:51:37.259, 168570948197, vstest.console.dll, TestPluginCache.DiscoverTestExtensions: Discovering the extensions using extension path.
TpTrace Verbose: 0 : 20872, 1, 2022/10/31, 12:51:37.259, 168570949724, vstest.console.dll, TestPluginCache.GetExtensionPaths: Filtered extension paths: 
TpTrace Verbose: 0 : 20872, 1, 2022/10/31, 12:51:37.259, 168570950183, vstest.console.dll, TestPluginCache.GetExtensionPaths: Added default extension paths: C:\Program Files\dotnet\sdk\6.0.402\Extensions\Microsoft.Diagnostics.NETCore.Client.dll
C:\Program Files\dotnet\sdk\6.0.402\Extensions\Microsoft.TestPlatform.Extensions.BlameDataCollector.dll
C:\Program Files\dotnet\sdk\6.0.402\Extensions\Microsoft.TestPlatform.Extensions.EventLogCollector.dll
C:\Program Files\dotnet\sdk\6.0.402\Extensions\Microsoft.TestPlatform.TestHostRuntimeProvider.dll
C:\Program Files\dotnet\sdk\6.0.402\Extensions\Microsoft.VisualStudio.TestPlatform.Extensions.Html.TestLogger.dll
C:\Program Files\dotnet\sdk\6.0.402\Extensions\Microsoft.VisualStudio.TestPlatform.Extensions.Trx.TestLogger.dll
TpTrace Verbose: 0 : 20872, 1, 2022/10/31, 12:51:37.259, 168570950518, vstest.console.dll, TestPluginCache.GetExtensionPaths: Added unfilterableExtensionPaths: 
TpTrace Verbose: 0 : 20872, 1, 2022/10/31, 12:51:37.259, 168570951211, vstest.console.dll, TestPluginCache.DiscoverTestExtensions: Discovering the extensions using allExtensionPaths: C:\Program Files\dotnet\sdk\6.0.402\Extensions\Microsoft.Diagnostics.NETCore.Client.dll
C:\Program Files\dotnet\sdk\6.0.402\Extensions\Microsoft.TestPlatform.Extensions.BlameDataCollector.dll
C:\Program Files\dotnet\sdk\6.0.402\Extensions\Microsoft.TestPlatform.Extensions.EventLogCollector.dll
C:\Program Files\dotnet\sdk\6.0.402\Extensions\Microsoft.TestPlatform.TestHostRuntimeProvider.dll
C:\Program Files\dotnet\sdk\6.0.402\Extensions\Microsoft.VisualStudio.TestPlatform.Extensions.Html.TestLogger.dll
C:\Program Files\dotnet\sdk\6.0.402\Extensions\Microsoft.VisualStudio.TestPlatform.Extensions.Trx.TestLogger.dll
TpTrace Information: 0 : 20872, 1, 2022/10/31, 12:51:37.259, 168570953091, vstest.console.dll, AssemblyResolver.AddSearchDirectories: Adding more searchDirectories C:\Program Files\dotnet\sdk\6.0.402\Extensions,C:\Program Files\dotnet\sdk\6.0.402
TpTrace Information: 0 : 20872, 1, 2022/10/31, 12:51:37.259, 168570953670, vstest.console.dll, AssemblyResolver.AddSearchDirectories: Adding more searchDirectories C:\Program Files\dotnet\sdk\6.0.402\Extensions,C:\Program Files\dotnet\sdk\6.0.402
TpTrace Information: 0 : 20872, 1, 2022/10/31, 12:51:37.259, 168570954027, vstest.console.dll, AssemblyResolver.AddSearchDirectories: Adding more searchDirectories C:\Program Files\dotnet\sdk\6.0.402\Extensions,C:\Program Files\dotnet\sdk\6.0.402
TpTrace Information: 0 : 20872, 1, 2022/10/31, 12:51:37.259, 168570954341, vstest.console.dll, AssemblyResolver.AddSearchDirectories: Adding more searchDirectories C:\Program Files\dotnet\sdk\6.0.402\Extensions,C:\Program Files\dotnet\sdk\6.0.402
TpTrace Information: 0 : 20872, 1, 2022/10/31, 12:51:37.260, 168570954657, vstest.console.dll, AssemblyResolver.AddSearchDirectories: Adding more searchDirectories C:\Program Files\dotnet\sdk\6.0.402\Extensions,C:\Program Files\dotnet\sdk\6.0.402
TpTrace Information: 0 : 20872, 1, 2022/10/31, 12:51:37.260, 168570954970, vstest.console.dll, AssemblyResolver.AddSearchDirectories: Adding more searchDirectories C:\Program Files\dotnet\sdk\6.0.402\Extensions,C:\Program Files\dotnet\sdk\6.0.402
TpTrace Information: 0 : 20872, 1, 2022/10/31, 12:51:37.260, 168570958368, vstest.console.dll, AssemblyResolver.OnResolve: Microsoft.Diagnostics.NETCore.Client: Resolving assembly.
TpTrace Information: 0 : 20872, 1, 2022/10/31, 12:51:37.260, 168570959106, vstest.console.dll, AssemblyResolver.OnResolve: Microsoft.Diagnostics.NETCore.Client: Searching in: 'C:\Program Files\dotnet\sdk\6.0.402\Extensions'.
TpTrace Information: 0 : 20872, 1, 2022/10/31, 12:51:37.260, 168570963091, vstest.console.dll, AssemblyResolver.OnResolve: Microsoft.Diagnostics.NETCore.Client: Loading assembly 'C:\Program Files\dotnet\sdk\6.0.402\Extensions\Microsoft.Diagnostics.NETCore.Client.dll'.
TpTrace Information: 0 : 20872, 1, 2022/10/31, 12:51:37.261, 168570968407, vstest.console.dll, AssemblyResolver.OnResolve: Resolved assembly: Microsoft.Diagnostics.NETCore.Client, from path: C:\Program Files\dotnet\sdk\6.0.402\Extensions\Microsoft.Diagnostics.NETCore.Client.dll
TpTrace Verbose: 0 : 20872, 1, 2022/10/31, 12:51:37.266, 168571021842, vstest.console.dll, MetadataReaderExtensionsHelper: Discovering extensions inside assembly 'Microsoft.Diagnostics.NETCore.Client, Version=0.2.5.801, Culture=neutral, PublicKeyToken=31bf3856ad364e35' file path 'C:\Program Files\dotnet\sdk\6.0.402\Extensions\Microsoft.Diagnostics.NETCore.Client.dll'
TpTrace Information: 0 : 20872, 1, 2022/10/31, 12:51:37.278, 168571134914, vstest.console.dll, AssemblyResolver.OnResolve: Microsoft.Bcl.AsyncInterfaces: Resolving assembly.
TpTrace Information: 0 : 20872, 1, 2022/10/31, 12:51:37.278, 168571136156, vstest.console.dll, AssemblyResolver.OnResolve: Microsoft.Bcl.AsyncInterfaces: Searching in: 'C:\Program Files\dotnet\sdk\6.0.402\Extensions'.
TpTrace Information: 0 : 20872, 1, 2022/10/31, 12:51:37.278, 168571137136, vstest.console.dll, AssemblyResolver.OnResolve: Microsoft.Bcl.AsyncInterfaces: Assembly path does not exist: 'C:\Program Files\dotnet\sdk\6.0.402\Extensions\Microsoft.Bcl.AsyncInterfaces.dll', returning.
TpTrace Information: 0 : 20872, 1, 2022/10/31, 12:51:37.278, 168571137863, vstest.console.dll, AssemblyResolver.OnResolve: Microsoft.Bcl.AsyncInterfaces: Assembly path does not exist: 'C:\Program Files\dotnet\sdk\6.0.402\Extensions\Microsoft.Bcl.AsyncInterfaces.exe', returning.
TpTrace Information: 0 : 20872, 1, 2022/10/31, 12:51:37.278, 168571138715, vstest.console.dll, AssemblyResolver.OnResolve: Microsoft.Bcl.AsyncInterfaces: Searching in: 'C:\Program Files\dotnet\sdk\6.0.402'.
TpTrace Information: 0 : 20872, 1, 2022/10/31, 12:51:37.278, 168571139477, vstest.console.dll, AssemblyResolver.OnResolve: Microsoft.Bcl.AsyncInterfaces: Assembly path does not exist: 'C:\Program Files\dotnet\sdk\6.0.402\Microsoft.Bcl.AsyncInterfaces.dll', returning.
TpTrace Information: 0 : 20872, 1, 2022/10/31, 12:51:37.278, 168571140140, vstest.console.dll, AssemblyResolver.OnResolve: Microsoft.Bcl.AsyncInterfaces: Assembly path does not exist: 'C:\Program Files\dotnet\sdk\6.0.402\Microsoft.Bcl.AsyncInterfaces.exe', returning.
TpTrace Information: 0 : 20872, 1, 2022/10/31, 12:51:37.278, 168571140470, vstest.console.dll, AssemblyResolver.OnResolve: Microsoft.Bcl.AsyncInterfaces: Failed to load assembly.
TpTrace Verbose: 0 : 20872, 1, 2022/10/31, 12:51:37.278, 168571140889, vstest.console.dll, CurrentDomainAssemblyResolve: Resolving assembly 'Microsoft.Bcl.AsyncInterfaces'.
TpTrace Information: 0 : 20872, 1, 2022/10/31, 12:51:37.278, 168571141520, vstest.console.dll, AssemblyResolver.OnResolve: Microsoft.Bcl.AsyncInterfaces: Resolving assembly.
TpTrace Information: 0 : 20872, 1, 2022/10/31, 12:51:37.278, 168571141940, vstest.console.dll, AssemblyResolver.OnResolve: Microsoft.Bcl.AsyncInterfaces: Resolved from cache.
TpTrace Verbose: 0 : 20872, 1, 2022/10/31, 12:51:37.278, 168571142282, vstest.console.dll, CurrentDomainAssemblyResolve: Resolving assembly 'Microsoft.Bcl.AsyncInterfaces'.
TpTrace Verbose: 0 : 20872, 1, 2022/10/31, 12:51:37.278, 168571142666, vstest.console.dll, CurrentDomainAssemblyResolve: Failed to resolve assembly 'Microsoft.Bcl.AsyncInterfaces'.
TpTrace Verbose: 0 : 20872, 1, 2022/10/31, 12:51:37.279, 168571146883, vstest.console.dll, CurrentDomainAssemblyResolve: Failed to resolve assembly 'Microsoft.Bcl.AsyncInterfaces'.
TpTrace Warning: 0 : 20872, 1, 2022/10/31, 12:51:37.290, 168571262791, vstest.console.dll, TestPluginDiscoverer: Failed to get types from assembly 'Microsoft.Diagnostics.NETCore.Client, Version=0.2.5.801, Culture=neutral, PublicKeyToken=31bf3856ad364e35'. Error: System.Reflection.ReflectionTypeLoadException: Unable to load one or more of the requested types.
Could not load file or assembly 'Microsoft.Bcl.AsyncInterfaces, Version=1.0.0.0, Culture=neutral, PublicKeyToken=cc7b13ffcd2ddd51'. The system cannot find the file specified.
   at System.Reflection.RuntimeModule.GetTypes(RuntimeModule module)
   at System.Reflection.Assembly.GetTypes()
   at Microsoft.VisualStudio.TestPlatform.Common.ExtensionFramework.TestPluginDiscoverer.GetTestExtensionsFromAssembly[TPluginInfo,TExtension](Assembly assembly, Dictionary`2 pluginInfos, String filePath)
System.IO.FileNotFoundException: Could not load file or assembly 'Microsoft.Bcl.AsyncInterfaces, Version=1.0.0.0, Culture=neutral, PublicKeyToken=cc7b13ffcd2ddd51'. The system cannot find the file specified.
File name: 'Microsoft.Bcl.AsyncInterfaces, Version=1.0.0.0, Culture=neutral, PublicKeyToken=cc7b13ffcd2ddd51'
 ---> System.IO.FileNotFoundException: Could not load file or assembly 'Microsoft.Bcl.AsyncInterfaces, Culture=neutral, PublicKeyToken=null'. The system cannot find the file specified.
File name: 'Microsoft.Bcl.AsyncInterfaces, Culture=neutral, PublicKeyToken=null'
   at System.Reflection.RuntimeAssembly.InternalLoad(ObjectHandleOnStack assemblyName, ObjectHandleOnStack requestingAssembly, StackCrawlMarkHandle stackMark, Boolean throwOnFileNotFound, ObjectHandleOnStack assemblyLoadContext, ObjectHandleOnStack retAssembly)
   at System.Reflection.RuntimeAssembly.InternalLoad(AssemblyName assemblyName, RuntimeAssembly requestingAssembly, StackCrawlMark& stackMark, Boolean throwOnFileNotFound, AssemblyLoadContext assemblyLoadContext)
   at System.Reflection.Assembly.Load(AssemblyName assemblyRef)
   at Microsoft.VisualStudio.TestPlatform.Common.ExtensionFramework.TestPluginCache.CurrentDomainAssemblyResolve(Object sender, AssemblyResolveEventArgs args)
   at Microsoft.VisualStudio.TestPlatform.PlatformAbstractions.PlatformAssemblyResolver.AssemblyResolverEvent(Object sender, Object eventArgs)
   at System.Runtime.Loader.AssemblyLoadContext.GetFirstResolvedAssemblyFromResolvingEvent(AssemblyName assemblyName)
   at System.Runtime.Loader.AssemblyLoadContext.ResolveUsingEvent(AssemblyName assemblyName)
   at System.Runtime.Loader.AssemblyLoadContext.ResolveUsingResolvingEvent(IntPtr gchManagedAssemblyLoadContext, AssemblyName assemblyName)
TpTrace Warning: 0 : 20872, 1, 2022/10/31, 12:51:37.291, 168571267971, vstest.console.dll, LoaderExceptions: System.IO.FileNotFoundException: Could not load file or assembly 'Microsoft.Bcl.AsyncInterfaces, Version=1.0.0.0, Culture=neutral, PublicKeyToken=cc7b13ffcd2ddd51'. The system cannot find the file specified.
File name: 'Microsoft.Bcl.AsyncInterfaces, Version=1.0.0.0, Culture=neutral, PublicKeyToken=cc7b13ffcd2ddd51'
 ---> System.IO.FileNotFoundException: Could not load file or assembly 'Microsoft.Bcl.AsyncInterfaces, Culture=neutral, PublicKeyToken=null'. The system cannot find the file specified.
File name: 'Microsoft.Bcl.AsyncInterfaces, Culture=neutral, PublicKeyToken=null'
   at System.Reflection.RuntimeAssembly.InternalLoad(ObjectHandleOnStack assemblyName, ObjectHandleOnStack requestingAssembly, StackCrawlMarkHandle stackMark, Boolean throwOnFileNotFound, ObjectHandleOnStack assemblyLoadContext, ObjectHandleOnStack retAssembly)
   at System.Reflection.RuntimeAssembly.InternalLoad(AssemblyName assemblyName, RuntimeAssembly requestingAssembly, StackCrawlMark& stackMark, Boolean throwOnFileNotFound, AssemblyLoadContext assemblyLoadContext)
   at System.Reflection.Assembly.Load(AssemblyName assemblyRef)
   at Microsoft.VisualStudio.TestPlatform.Common.ExtensionFramework.TestPluginCache.CurrentDomainAssemblyResolve(Object sender, AssemblyResolveEventArgs args)
   at Microsoft.VisualStudio.TestPlatform.PlatformAbstractions.PlatformAssemblyResolver.AssemblyResolverEvent(Object sender, Object eventArgs)
   at System.Runtime.Loader.AssemblyLoadContext.GetFirstResolvedAssemblyFromResolvingEvent(AssemblyName assemblyName)
   at System.Runtime.Loader.AssemblyLoadContext.ResolveUsingEvent(AssemblyName assemblyName)
   at System.Runtime.Loader.AssemblyLoadContext.ResolveUsingResolvingEvent(IntPtr gchManagedAssemblyLoadContext, AssemblyName assemblyName)
TpTrace Information: 0 : 20872, 1, 2022/10/31, 12:51:37.291, 168571269929, vstest.console.dll, AssemblyResolver.OnResolve: Microsoft.TestPlatform.Extensions.BlameDataCollector: Resolving assembly.
TpTrace Information: 0 : 20872, 1, 2022/10/31, 12:51:37.291, 168571270476, vstest.console.dll, AssemblyResolver.OnResolve: Microsoft.TestPlatform.Extensions.BlameDataCollector: Searching in: 'C:\Program Files\dotnet\sdk\6.0.402\Extensions'.
TpTrace Information: 0 : 20872, 1, 2022/10/31, 12:51:37.291, 168571273483, vstest.console.dll, AssemblyResolver.OnResolve: Microsoft.TestPlatform.Extensions.BlameDataCollector: Loading assembly 'C:\Program Files\dotnet\sdk\6.0.402\Extensions\Microsoft.TestPlatform.Extensions.BlameDataCollector.dll'.
TpTrace Information: 0 : 20872, 1, 2022/10/31, 12:51:37.292, 168571278467, vstest.console.dll, AssemblyResolver.OnResolve: Resolved assembly: Microsoft.TestPlatform.Extensions.BlameDataCollector, from path: C:\Program Files\dotnet\sdk\6.0.402\Extensions\Microsoft.TestPlatform.Extensions.BlameDataCollector.dll
TpTrace Verbose: 0 : 20872, 1, 2022/10/31, 12:51:37.292, 168571279529, vstest.console.dll, MetadataReaderExtensionsHelper: Discovering extensions inside assembly 'Microsoft.TestPlatform.Extensions.BlameDataCollector, Version=15.0.0.0, Culture=neutral, PublicKeyToken=b03f5f7f11d50a3a' file path 'C:\Program Files\dotnet\sdk\6.0.402\Extensions\Microsoft.TestPlatform.Extensions.BlameDataCollector.dll'
TpTrace Information: 0 : 20872, 1, 2022/10/31, 12:51:37.293, 168571292786, vstest.console.dll, AssemblyResolver.OnResolve: Microsoft.TestPlatform.Extensions.EventLogCollector: Resolving assembly.
TpTrace Information: 0 : 20872, 1, 2022/10/31, 12:51:37.293, 168571294290, vstest.console.dll, AssemblyResolver.OnResolve: Microsoft.TestPlatform.Extensions.EventLogCollector: Searching in: 'C:\Program Files\dotnet\sdk\6.0.402\Extensions'.
TpTrace Information: 0 : 20872, 1, 2022/10/31, 12:51:37.294, 168571297065, vstest.console.dll, AssemblyResolver.OnResolve: Microsoft.TestPlatform.Extensions.EventLogCollector: Loading assembly 'C:\Program Files\dotnet\sdk\6.0.402\Extensions\Microsoft.TestPlatform.Extensions.EventLogCollector.dll'.
TpTrace Information: 0 : 20872, 1, 2022/10/31, 12:51:37.294, 168571300485, vstest.console.dll, AssemblyResolver.OnResolve: Resolved assembly: Microsoft.TestPlatform.Extensions.EventLogCollector, from path: C:\Program Files\dotnet\sdk\6.0.402\Extensions\Microsoft.TestPlatform.Extensions.EventLogCollector.dll
TpTrace Verbose: 0 : 20872, 1, 2022/10/31, 12:51:37.294, 168571301346, vstest.console.dll, MetadataReaderExtensionsHelper: Discovering extensions inside assembly 'Microsoft.TestPlatform.Extensions.EventLogCollector, Version=15.0.0.0, Culture=neutral, PublicKeyToken=b03f5f7f11d50a3a' file path 'C:\Program Files\dotnet\sdk\6.0.402\Extensions\Microsoft.TestPlatform.Extensions.EventLogCollector.dll'
TpTrace Information: 0 : 20872, 1, 2022/10/31, 12:51:37.296, 168571320867, vstest.console.dll, AssemblyResolver.OnResolve: Microsoft.TestPlatform.TestHostRuntimeProvider: Resolving assembly.
TpTrace Information: 0 : 20872, 1, 2022/10/31, 12:51:37.296, 168571322494, vstest.console.dll, AssemblyResolver.OnResolve: Microsoft.TestPlatform.TestHostRuntimeProvider: Searching in: 'C:\Program Files\dotnet\sdk\6.0.402\Extensions'.
TpTrace Information: 0 : 20872, 1, 2022/10/31, 12:51:37.297, 168571325981, vstest.console.dll, AssemblyResolver.OnResolve: Microsoft.TestPlatform.TestHostRuntimeProvider: Loading assembly 'C:\Program Files\dotnet\sdk\6.0.402\Extensions\Microsoft.TestPlatform.TestHostRuntimeProvider.dll'.
TpTrace Information: 0 : 20872, 1, 2022/10/31, 12:51:37.297, 168571330911, vstest.console.dll, AssemblyResolver.OnResolve: Resolved assembly: Microsoft.TestPlatform.TestHostRuntimeProvider, from path: C:\Program Files\dotnet\sdk\6.0.402\Extensions\Microsoft.TestPlatform.TestHostRuntimeProvider.dll
TpTrace Verbose: 0 : 20872, 1, 2022/10/31, 12:51:37.297, 168571331774, vstest.console.dll, MetadataReaderExtensionsHelper: Discovering extensions inside assembly 'Microsoft.TestPlatform.TestHostRuntimeProvider, Version=15.0.0.0, Culture=neutral, PublicKeyToken=b03f5f7f11d50a3a' file path 'C:\Program Files\dotnet\sdk\6.0.402\Extensions\Microsoft.TestPlatform.TestHostRuntimeProvider.dll'
TpTrace Information: 0 : 20872, 1, 2022/10/31, 12:51:37.299, 168571349237, vstest.console.dll, GetTestExtensionFromType: Register extension with identifier data 'HostProvider://DefaultTestHost' and type 'Microsoft.VisualStudio.TestPlatform.CrossPlatEngine.Hosting.DefaultTestHostManager, Microsoft.TestPlatform.TestHostRuntimeProvider, Version=15.0.0.0, Culture=neutral, PublicKeyToken=b03f5f7f11d50a3a' inside file 'C:\Program Files\dotnet\sdk\6.0.402\Extensions\Microsoft.TestPlatform.TestHostRuntimeProvider.dll'
TpTrace Information: 0 : 20872, 1, 2022/10/31, 12:51:37.299, 168571350284, vstest.console.dll, GetTestExtensionFromType: Register extension with identifier data 'HostProvider://DotnetTestHost' and type 'Microsoft.VisualStudio.TestPlatform.CrossPlatEngine.Hosting.DotnetTestHostManager, Microsoft.TestPlatform.TestHostRuntimeProvider, Version=15.0.0.0, Culture=neutral, PublicKeyToken=b03f5f7f11d50a3a' inside file 'C:\Program Files\dotnet\sdk\6.0.402\Extensions\Microsoft.TestPlatform.TestHostRuntimeProvider.dll'
TpTrace Information: 0 : 20872, 1, 2022/10/31, 12:51:37.299, 168571351118, vstest.console.dll, AssemblyResolver.OnResolve: Microsoft.VisualStudio.TestPlatform.Extensions.Html.TestLogger: Resolving assembly.
TpTrace Information: 0 : 20872, 1, 2022/10/31, 12:51:37.299, 168571351531, vstest.console.dll, AssemblyResolver.OnResolve: Microsoft.VisualStudio.TestPlatform.Extensions.Html.TestLogger: Searching in: 'C:\Program Files\dotnet\sdk\6.0.402\Extensions'.
TpTrace Information: 0 : 20872, 1, 2022/10/31, 12:51:37.299, 168571354114, vstest.console.dll, AssemblyResolver.OnResolve: Microsoft.VisualStudio.TestPlatform.Extensions.Html.TestLogger: Loading assembly 'C:\Program Files\dotnet\sdk\6.0.402\Extensions\Microsoft.VisualStudio.TestPlatform.Extensions.Html.TestLogger.dll'.
TpTrace Information: 0 : 20872, 1, 2022/10/31, 12:51:37.300, 168571358056, vstest.console.dll, AssemblyResolver.OnResolve: Resolved assembly: Microsoft.VisualStudio.TestPlatform.Extensions.Html.TestLogger, from path: C:\Program Files\dotnet\sdk\6.0.402\Extensions\Microsoft.VisualStudio.TestPlatform.Extensions.Html.TestLogger.dll
TpTrace Verbose: 0 : 20872, 1, 2022/10/31, 12:51:37.300, 168571358787, vstest.console.dll, MetadataReaderExtensionsHelper: Discovering extensions inside assembly 'Microsoft.VisualStudio.TestPlatform.Extensions.Html.TestLogger, Version=15.0.0.0, Culture=neutral, PublicKeyToken=b03f5f7f11d50a3a' file path 'C:\Program Files\dotnet\sdk\6.0.402\Extensions\Microsoft.VisualStudio.TestPlatform.Extensions.Html.TestLogger.dll'
TpTrace Information: 0 : 20872, 1, 2022/10/31, 12:51:37.301, 168571364839, vstest.console.dll, AssemblyResolver.OnResolve: Microsoft.VisualStudio.TestPlatform.Extensions.Trx.TestLogger: Resolving assembly.
TpTrace Information: 0 : 20872, 1, 2022/10/31, 12:51:37.301, 168571365495, vstest.console.dll, AssemblyResolver.OnResolve: Microsoft.VisualStudio.TestPlatform.Extensions.Trx.TestLogger: Searching in: 'C:\Program Files\dotnet\sdk\6.0.402\Extensions'.
TpTrace Information: 0 : 20872, 1, 2022/10/31, 12:51:37.301, 168571367991, vstest.console.dll, AssemblyResolver.OnResolve: Microsoft.VisualStudio.TestPlatform.Extensions.Trx.TestLogger: Loading assembly 'C:\Program Files\dotnet\sdk\6.0.402\Extensions\Microsoft.VisualStudio.TestPlatform.Extensions.Trx.TestLogger.dll'.
TpTrace Information: 0 : 20872, 1, 2022/10/31, 12:51:37.301, 168571372283, vstest.console.dll, AssemblyResolver.OnResolve: Resolved assembly: Microsoft.VisualStudio.TestPlatform.Extensions.Trx.TestLogger, from path: C:\Program Files\dotnet\sdk\6.0.402\Extensions\Microsoft.VisualStudio.TestPlatform.Extensions.Trx.TestLogger.dll
TpTrace Verbose: 0 : 20872, 1, 2022/10/31, 12:51:37.301, 168571373021, vstest.console.dll, MetadataReaderExtensionsHelper: Discovering extensions inside assembly 'Microsoft.VisualStudio.TestPlatform.Extensions.Trx.TestLogger, Version=15.0.0.0, Culture=neutral, PublicKeyToken=b03f5f7f11d50a3a' file path 'C:\Program Files\dotnet\sdk\6.0.402\Extensions\Microsoft.VisualStudio.TestPlatform.Extensions.Trx.TestLogger.dll'
TpTrace Verbose: 0 : 20872, 1, 2022/10/31, 12:51:37.302, 168571381802, vstest.console.dll, TestPluginCache: Discovered the extensions using extension path ''.
TpTrace Verbose: 0 : 20872, 1, 2022/10/31, 12:51:37.302, 168571382533, vstest.console.dll, TestPluginCache: Discoverers are ''.
TpTrace Verbose: 0 : 20872, 1, 2022/10/31, 12:51:37.302, 168571382853, vstest.console.dll, TestPluginCache: Executors are ''.
TpTrace Verbose: 0 : 20872, 1, 2022/10/31, 12:51:37.302, 168571383127, vstest.console.dll, TestPluginCache: Executors2 are ''.
TpTrace Verbose: 0 : 20872, 1, 2022/10/31, 12:51:37.302, 168571383408, vstest.console.dll, TestPluginCache: Setting providers are ''.
TpTrace Verbose: 0 : 20872, 1, 2022/10/31, 12:51:37.302, 168571383672, vstest.console.dll, TestPluginCache: Loggers are ''.
TpTrace Verbose: 0 : 20872, 1, 2022/10/31, 12:51:37.302, 168571384454, vstest.console.dll, TestPluginCache: TestHosts are 'HostProvider://DefaultTestHost,HostProvider://DotnetTestHost'.
TpTrace Verbose: 0 : 20872, 1, 2022/10/31, 12:51:37.303, 168571384813, vstest.console.dll, TestPluginCache: DataCollectors are ''.
TpTrace Information: 0 : 20872, 1, 2022/10/31, 12:51:37.314, 168571496967, vstest.console.dll, RunTestsArgumentProcessor:Execute: Test run is starting.
TpTrace Verbose: 0 : 20872, 1, 2022/10/31, 12:51:37.314, 168571497891, vstest.console.dll, RunTestsArgumentProcessor:Execute: Queuing Test run.
TpTrace Information: 0 : 20872, 1, 2022/10/31, 12:51:37.314, 168571500841, vstest.console.dll, TestRequestManager.RunTests: run tests started.
TpTrace Information: 0 : 20872, 1, 2022/10/31, 12:51:37.324, 168571602187, vstest.console.dll, AssemblyMetadataProvider.GetFrameworkName: Determined framework:'.NETCoreApp,Version=v6.0' for source: 'D:\Source Tree_Git_Ecommerce\EcommerceAPI\Ecommerce.API.UnitTest\bin\Debug\net6.0\fine-code-coverage\build-output\Ecommerce.API.UnitTest.dll'
TpTrace Information: 0 : 20872, 1, 2022/10/31, 12:51:37.324, 168571604015, vstest.console.dll, Determined framework for all sources: .NETCoreApp,Version=v6.0
TpTrace Verbose: 0 : 20872, 1, 2022/10/31, 12:51:37.325, 168571609353, vstest.console.dll, TestRequestManager.UpdateRunSettingsIfRequired: Default architecture: X64 IsDefaultTargetArchitecture: True, Current process architecture: X64 OperatingSystem: Windows.
TpTrace Information: 0 : 20872, 1, 2022/10/31, 12:51:37.328, 168571639662, vstest.console.dll, AssemblyMetadataProvider.GetArchitecture: Determined architecture:AnyCPU info for assembly: D:\Source Tree_Git_Ecommerce\EcommerceAPI\Ecommerce.API.UnitTest\bin\Debug\net6.0\fine-code-coverage\build-output\Ecommerce.API.UnitTest.dll
TpTrace Information: 0 : 20872, 1, 2022/10/31, 12:51:37.328, 168571640549, vstest.console.dll, Determined platform for source 'D:\Source Tree_Git_Ecommerce\EcommerceAPI\Ecommerce.API.UnitTest\bin\Debug\net6.0\fine-code-coverage\build-output\Ecommerce.API.UnitTest.dll' was AnyCPU and it will use the default plaform X64.
TpTrace Information: 0 : 20872, 1, 2022/10/31, 12:51:37.328, 168571640896, vstest.console.dll, None of the sources provided any runnable platform, using the default platform: X64
TpTrace Information: 0 : 20872, 1, 2022/10/31, 12:51:37.328, 168571641892, vstest.console.dll, Platform was updated to 'X64'.
TpTrace Information: 0 : 20872, 1, 2022/10/31, 12:51:37.332, 168571680049, vstest.console.dll, InferRunSettingsHelper.IsTestSettingsEnabled: Unable to navigate to RunSettings/MSTest. Current node: RunSettings
TpTrace Information: 0 : 20872, 1, 2022/10/31, 12:51:37.333, 168571687152, vstest.console.dll, AssemblyResolver.OnResolve: Microsoft.VisualStudio.TestPlatform.Fakes: Resolving assembly.
TpTrace Information: 0 : 20872, 1, 2022/10/31, 12:51:37.333, 168571687933, vstest.console.dll, AssemblyResolver.OnResolve: Microsoft.VisualStudio.TestPlatform.Fakes: Searching in: 'C:\Program Files\dotnet\sdk\6.0.402\Extensions'.
TpTrace Information: 0 : 20872, 1, 2022/10/31, 12:51:37.333, 168571689039, vstest.console.dll, AssemblyResolver.OnResolve: Microsoft.VisualStudio.TestPlatform.Fakes: Assembly path does not exist: 'C:\Program Files\dotnet\sdk\6.0.402\Extensions\Microsoft.VisualStudio.TestPlatform.Fakes.dll', returning.
TpTrace Information: 0 : 20872, 1, 2022/10/31, 12:51:37.333, 168571689774, vstest.console.dll, AssemblyResolver.OnResolve: Microsoft.VisualStudio.TestPlatform.Fakes: Assembly path does not exist: 'C:\Program Files\dotnet\sdk\6.0.402\Extensions\Microsoft.VisualStudio.TestPlatform.Fakes.exe', returning.
TpTrace Information: 0 : 20872, 1, 2022/10/31, 12:51:37.333, 168571690125, vstest.console.dll, AssemblyResolver.OnResolve: Microsoft.VisualStudio.TestPlatform.Fakes: Searching in: 'C:\Program Files\dotnet\sdk\6.0.402'.
TpTrace Information: 0 : 20872, 1, 2022/10/31, 12:51:37.333, 168571690801, vstest.console.dll, AssemblyResolver.OnResolve: Microsoft.VisualStudio.TestPlatform.Fakes: Assembly path does not exist: 'C:\Program Files\dotnet\sdk\6.0.402\Microsoft.VisualStudio.TestPlatform.Fakes.dll', returning.
TpTrace Information: 0 : 20872, 1, 2022/10/31, 12:51:37.333, 168571691555, vstest.console.dll, AssemblyResolver.OnResolve: Microsoft.VisualStudio.TestPlatform.Fakes: Assembly path does not exist: 'C:\Program Files\dotnet\sdk\6.0.402\Microsoft.VisualStudio.TestPlatform.Fakes.exe', returning.
TpTrace Information: 0 : 20872, 1, 2022/10/31, 12:51:37.333, 168571691898, vstest.console.dll, AssemblyResolver.OnResolve: Microsoft.VisualStudio.TestPlatform.Fakes: Failed to load assembly.
TpTrace Information: 0 : 20872, 1, 2022/10/31, 12:51:37.333, 168571694390, vstest.console.dll, Failed to load assembly Microsoft.VisualStudio.TestPlatform.Fakes, Version=17.0.0.0, Culture=neutral. Reason:System.IO.FileNotFoundException: Could not load file or assembly 'Microsoft.VisualStudio.TestPlatform.Fakes, Version=17.0.0.0, Culture=neutral, PublicKeyToken=null'. The system cannot find the file specified.
File name: 'Microsoft.VisualStudio.TestPlatform.Fakes, Version=17.0.0.0, Culture=neutral, PublicKeyToken=null'
   at System.Reflection.RuntimeAssembly.InternalLoad(ObjectHandleOnStack assemblyName, ObjectHandleOnStack requestingAssembly, StackCrawlMarkHandle stackMark, Boolean throwOnFileNotFound, ObjectHandleOnStack assemblyLoadContext, ObjectHandleOnStack retAssembly)
   at System.Reflection.RuntimeAssembly.InternalLoad(AssemblyName assemblyName, RuntimeAssembly requestingAssembly, StackCrawlMark& stackMark, Boolean throwOnFileNotFound, AssemblyLoadContext assemblyLoadContext)
   at System.Reflection.Assembly.Load(AssemblyName assemblyRef)
   at Microsoft.VisualStudio.TestPlatform.Common.Utilities.FakesUtilities.LoadTestPlatformAssembly()
TpTrace Verbose: 0 : 20872, 1, 2022/10/31, 12:51:37.337, 168571728577, vstest.console.dll, TestPluginCache.DiscoverTestExtensions: finding test extensions in assemblies ends with: TestLogger.dll TPluginInfo: Microsoft.VisualStudio.TestPlatform.Common.ExtensionFramework.Utilities.TestLoggerPluginInformation TExtension: Microsoft.VisualStudio.TestPlatform.ObjectModel.Client.ITestLogger
TpTrace Verbose: 0 : 20872, 1, 2022/10/31, 12:51:37.337, 168571729648, vstest.console.dll, TestPluginCache.GetExtensionPaths: Filtered extension paths: 
TpTrace Verbose: 0 : 20872, 1, 2022/10/31, 12:51:37.337, 168571730033, vstest.console.dll, TestPluginCache.GetExtensionPaths: Added default extension paths: C:\Program Files\dotnet\sdk\6.0.402\Extensions\Microsoft.Diagnostics.NETCore.Client.dll
C:\Program Files\dotnet\sdk\6.0.402\Extensions\Microsoft.TestPlatform.Extensions.BlameDataCollector.dll
C:\Program Files\dotnet\sdk\6.0.402\Extensions\Microsoft.TestPlatform.Extensions.EventLogCollector.dll
C:\Program Files\dotnet\sdk\6.0.402\Extensions\Microsoft.TestPlatform.TestHostRuntimeProvider.dll
C:\Program Files\dotnet\sdk\6.0.402\Extensions\Microsoft.VisualStudio.TestPlatform.Extensions.Html.TestLogger.dll
C:\Program Files\dotnet\sdk\6.0.402\Extensions\Microsoft.VisualStudio.TestPlatform.Extensions.Trx.TestLogger.dll
TpTrace Verbose: 0 : 20872, 1, 2022/10/31, 12:51:37.337, 168571730351, vstest.console.dll, TestPluginCache.GetExtensionPaths: Added unfilterableExtensionPaths: 
TpTrace Information: 0 : 20872, 1, 2022/10/31, 12:51:37.337, 168571731742, vstest.console.dll, AssemblyResolver.AddSearchDirectories: Adding more searchDirectories C:\Program Files\dotnet\sdk\6.0.402\Extensions,C:\Program Files\dotnet\sdk\6.0.402
TpTrace Verbose: 0 : 20872, 1, 2022/10/31, 12:51:37.337, 168571732242, vstest.console.dll, TestPluginCache.DiscoverTestExtensions: Discovering the extensions using extension path.
TpTrace Verbose: 0 : 20872, 1, 2022/10/31, 12:51:37.337, 168571732634, vstest.console.dll, TestPluginCache.GetExtensionPaths: Filtered extension paths: 
TpTrace Verbose: 0 : 20872, 1, 2022/10/31, 12:51:37.337, 168571732942, vstest.console.dll, TestPluginCache.GetExtensionPaths: Added default extension paths: C:\Program Files\dotnet\sdk\6.0.402\Extensions\Microsoft.Diagnostics.NETCore.Client.dll
C:\Program Files\dotnet\sdk\6.0.402\Extensions\Microsoft.TestPlatform.Extensions.BlameDataCollector.dll
C:\Program Files\dotnet\sdk\6.0.402\Extensions\Microsoft.TestPlatform.Extensions.EventLogCollector.dll
C:\Program Files\dotnet\sdk\6.0.402\Extensions\Microsoft.TestPlatform.TestHostRuntimeProvider.dll
C:\Program Files\dotnet\sdk\6.0.402\Extensions\Microsoft.VisualStudio.TestPlatform.Extensions.Html.TestLogger.dll
C:\Program Files\dotnet\sdk\6.0.402\Extensions\Microsoft.VisualStudio.TestPlatform.Extensions.Trx.TestLogger.dll
TpTrace Verbose: 0 : 20872, 1, 2022/10/31, 12:51:37.337, 168571733250, vstest.console.dll, TestPluginCache.GetExtensionPaths: Added unfilterableExtensionPaths: 
TpTrace Verbose: 0 : 20872, 1, 2022/10/31, 12:51:37.337, 168571734212, vstest.console.dll, TestPluginCache.DiscoverTestExtensions: Discovering the extensions using allExtensionPaths: C:\Program Files\dotnet\sdk\6.0.402\Extensions\Microsoft.Diagnostics.NETCore.Client.dll
C:\Program Files\dotnet\sdk\6.0.402\Extensions\Microsoft.TestPlatform.Extensions.BlameDataCollector.dll
C:\Program Files\dotnet\sdk\6.0.402\Extensions\Microsoft.TestPlatform.Extensions.EventLogCollector.dll
C:\Program Files\dotnet\sdk\6.0.402\Extensions\Microsoft.TestPlatform.TestHostRuntimeProvider.dll
C:\Program Files\dotnet\sdk\6.0.402\Extensions\Microsoft.VisualStudio.TestPlatform.Extensions.Html.TestLogger.dll
C:\Program Files\dotnet\sdk\6.0.402\Extensions\Microsoft.VisualStudio.TestPlatform.Extensions.Trx.TestLogger.dll
TpTrace Information: 0 : 20872, 1, 2022/10/31, 12:51:37.338, 168571734819, vstest.console.dll, AssemblyResolver.AddSearchDirectories: Adding more searchDirectories C:\Program Files\dotnet\sdk\6.0.402\Extensions,C:\Program Files\dotnet\sdk\6.0.402
TpTrace Information: 0 : 20872, 1, 2022/10/31, 12:51:37.338, 168571735190, vstest.console.dll, AssemblyResolver.AddSearchDirectories: Adding more searchDirectories C:\Program Files\dotnet\sdk\6.0.402\Extensions,C:\Program Files\dotnet\sdk\6.0.402
TpTrace Information: 0 : 20872, 1, 2022/10/31, 12:51:37.338, 168571735576, vstest.console.dll, AssemblyResolver.AddSearchDirectories: Adding more searchDirectories C:\Program Files\dotnet\sdk\6.0.402\Extensions,C:\Program Files\dotnet\sdk\6.0.402
TpTrace Information: 0 : 20872, 1, 2022/10/31, 12:51:37.338, 168571735901, vstest.console.dll, AssemblyResolver.AddSearchDirectories: Adding more searchDirectories C:\Program Files\dotnet\sdk\6.0.402\Extensions,C:\Program Files\dotnet\sdk\6.0.402
TpTrace Information: 0 : 20872, 1, 2022/10/31, 12:51:37.338, 168571736220, vstest.console.dll, AssemblyResolver.AddSearchDirectories: Adding more searchDirectories C:\Program Files\dotnet\sdk\6.0.402\Extensions,C:\Program Files\dotnet\sdk\6.0.402
TpTrace Information: 0 : 20872, 1, 2022/10/31, 12:51:37.338, 168571736588, vstest.console.dll, AssemblyResolver.AddSearchDirectories: Adding more searchDirectories C:\Program Files\dotnet\sdk\6.0.402\Extensions,C:\Program Files\dotnet\sdk\6.0.402
TpTrace Verbose: 0 : 20872, 1, 2022/10/31, 12:51:37.338, 168571737844, vstest.console.dll, MetadataReaderExtensionsHelper: Discovering extensions inside assembly 'Microsoft.Diagnostics.NETCore.Client, Version=0.2.5.801, Culture=neutral, PublicKeyToken=31bf3856ad364e35' file path 'C:\Program Files\dotnet\sdk\6.0.402\Extensions\Microsoft.Diagnostics.NETCore.Client.dll'
TpTrace Information: 0 : 20872, 1, 2022/10/31, 12:51:37.338, 168571741993, vstest.console.dll, AssemblyResolver.OnResolve: Microsoft.Bcl.AsyncInterfaces: Resolving assembly.
TpTrace Information: 0 : 20872, 1, 2022/10/31, 12:51:37.338, 168571742509, vstest.console.dll, AssemblyResolver.OnResolve: Microsoft.Bcl.AsyncInterfaces: Resolved from cache.
TpTrace Verbose: 0 : 20872, 1, 2022/10/31, 12:51:37.338, 168571742852, vstest.console.dll, CurrentDomainAssemblyResolve: Resolving assembly 'Microsoft.Bcl.AsyncInterfaces'.
TpTrace Information: 0 : 20872, 1, 2022/10/31, 12:51:37.338, 168571743339, vstest.console.dll, AssemblyResolver.OnResolve: Microsoft.Bcl.AsyncInterfaces: Resolving assembly.
TpTrace Information: 0 : 20872, 1, 2022/10/31, 12:51:37.338, 168571743656, vstest.console.dll, AssemblyResolver.OnResolve: Microsoft.Bcl.AsyncInterfaces: Resolved from cache.
TpTrace Verbose: 0 : 20872, 1, 2022/10/31, 12:51:37.338, 168571744020, vstest.console.dll, CurrentDomainAssemblyResolve: Resolving assembly 'Microsoft.Bcl.AsyncInterfaces'.
TpTrace Verbose: 0 : 20872, 1, 2022/10/31, 12:51:37.338, 168571744379, vstest.console.dll, CurrentDomainAssemblyResolve: Failed to resolve assembly 'Microsoft.Bcl.AsyncInterfaces'.
TpTrace Verbose: 0 : 20872, 1, 2022/10/31, 12:51:37.339, 168571745826, vstest.console.dll, CurrentDomainAssemblyResolve: Failed to resolve assembly 'Microsoft.Bcl.AsyncInterfaces'.
TpTrace Warning: 0 : 20872, 1, 2022/10/31, 12:51:37.339, 168571749431, vstest.console.dll, TestPluginDiscoverer: Failed to get types from assembly 'Microsoft.Diagnostics.NETCore.Client, Version=0.2.5.801, Culture=neutral, PublicKeyToken=31bf3856ad364e35'. Error: System.Reflection.ReflectionTypeLoadException: Unable to load one or more of the requested types.
Could not load file or assembly 'Microsoft.Bcl.AsyncInterfaces, Version=1.0.0.0, Culture=neutral, PublicKeyToken=cc7b13ffcd2ddd51'. The system cannot find the file specified.
   at System.Reflection.RuntimeModule.GetTypes(RuntimeModule module)
   at System.Reflection.Assembly.GetTypes()
   at Microsoft.VisualStudio.TestPlatform.Common.ExtensionFramework.TestPluginDiscoverer.GetTestExtensionsFromAssembly[TPluginInfo,TExtension](Assembly assembly, Dictionary`2 pluginInfos, String filePath)
System.IO.FileNotFoundException: Could not load file or assembly 'Microsoft.Bcl.AsyncInterfaces, Version=1.0.0.0, Culture=neutral, PublicKeyToken=cc7b13ffcd2ddd51'. The system cannot find the file specified.
File name: 'Microsoft.Bcl.AsyncInterfaces, Version=1.0.0.0, Culture=neutral, PublicKeyToken=cc7b13ffcd2ddd51'
 ---> System.IO.FileNotFoundException: Could not load file or assembly 'Microsoft.Bcl.AsyncInterfaces, Culture=neutral, PublicKeyToken=null'. The system cannot find the file specified.
File name: 'Microsoft.Bcl.AsyncInterfaces, Culture=neutral, PublicKeyToken=null'
   at System.Reflection.RuntimeAssembly.InternalLoad(ObjectHandleOnStack assemblyName, ObjectHandleOnStack requestingAssembly, StackCrawlMarkHandle stackMark, Boolean throwOnFileNotFound, ObjectHandleOnStack assemblyLoadContext, ObjectHandleOnStack retAssembly)
   at System.Reflection.RuntimeAssembly.InternalLoad(AssemblyName assemblyName, RuntimeAssembly requestingAssembly, StackCrawlMark& stackMark, Boolean throwOnFileNotFound, AssemblyLoadContext assemblyLoadContext)
   at System.Reflection.Assembly.Load(AssemblyName assemblyRef)
   at Microsoft.VisualStudio.TestPlatform.Common.ExtensionFramework.TestPluginCache.CurrentDomainAssemblyResolve(Object sender, AssemblyResolveEventArgs args)
   at Microsoft.VisualStudio.TestPlatform.PlatformAbstractions.PlatformAssemblyResolver.AssemblyResolverEvent(Object sender, Object eventArgs)
   at System.Runtime.Loader.AssemblyLoadContext.GetFirstResolvedAssemblyFromResolvingEvent(AssemblyName assemblyName)
   at System.Runtime.Loader.AssemblyLoadContext.ResolveUsingEvent(AssemblyName assemblyName)
   at System.Runtime.Loader.AssemblyLoadContext.ResolveUsingResolvingEvent(IntPtr gchManagedAssemblyLoadContext, AssemblyName assemblyName)
TpTrace Warning: 0 : 20872, 1, 2022/10/31, 12:51:37.339, 168571751480, vstest.console.dll, LoaderExceptions: System.IO.FileNotFoundException: Could not load file or assembly 'Microsoft.Bcl.AsyncInterfaces, Version=1.0.0.0, Culture=neutral, PublicKeyToken=cc7b13ffcd2ddd51'. The system cannot find the file specified.
File name: 'Microsoft.Bcl.AsyncInterfaces, Version=1.0.0.0, Culture=neutral, PublicKeyToken=cc7b13ffcd2ddd51'
 ---> System.IO.FileNotFoundException: Could not load file or assembly 'Microsoft.Bcl.AsyncInterfaces, Culture=neutral, PublicKeyToken=null'. The system cannot find the file specified.
File name: 'Microsoft.Bcl.AsyncInterfaces, Culture=neutral, PublicKeyToken=null'
   at System.Reflection.RuntimeAssembly.InternalLoad(ObjectHandleOnStack assemblyName, ObjectHandleOnStack requestingAssembly, StackCrawlMarkHandle stackMark, Boolean throwOnFileNotFound, ObjectHandleOnStack assemblyLoadContext, ObjectHandleOnStack retAssembly)
   at System.Reflection.RuntimeAssembly.InternalLoad(AssemblyName assemblyName, RuntimeAssembly requestingAssembly, StackCrawlMark& stackMark, Boolean throwOnFileNotFound, AssemblyLoadContext assemblyLoadContext)
   at System.Reflection.Assembly.Load(AssemblyName assemblyRef)
   at Microsoft.VisualStudio.TestPlatform.Common.ExtensionFramework.TestPluginCache.CurrentDomainAssemblyResolve(Object sender, AssemblyResolveEventArgs args)
   at Microsoft.VisualStudio.TestPlatform.PlatformAbstractions.PlatformAssemblyResolver.AssemblyResolverEvent(Object sender, Object eventArgs)
   at System.Runtime.Loader.AssemblyLoadContext.GetFirstResolvedAssemblyFromResolvingEvent(AssemblyName assemblyName)
   at System.Runtime.Loader.AssemblyLoadContext.ResolveUsingEvent(AssemblyName assemblyName)
   at System.Runtime.Loader.AssemblyLoadContext.ResolveUsingResolvingEvent(IntPtr gchManagedAssemblyLoadContext, AssemblyName assemblyName)
TpTrace Verbose: 0 : 20872, 1, 2022/10/31, 12:51:37.339, 168571752554, vstest.console.dll, MetadataReaderExtensionsHelper: Discovering extensions inside assembly 'Microsoft.TestPlatform.Extensions.BlameDataCollector, Version=15.0.0.0, Culture=neutral, PublicKeyToken=b03f5f7f11d50a3a' file path 'C:\Program Files\dotnet\sdk\6.0.402\Extensions\Microsoft.TestPlatform.Extensions.BlameDataCollector.dll'
TpTrace Information: 0 : 20872, 1, 2022/10/31, 12:51:37.340, 168571757244, vstest.console.dll, GetTestExtensionFromType: Register extension with identifier data 'logger://Microsoft/TestPlatform/Extensions/Blame/v1' and type 'Microsoft.TestPlatform.Extensions.BlameDataCollector.BlameLogger, Microsoft.TestPlatform.Extensions.BlameDataCollector, Version=15.0.0.0, Culture=neutral, PublicKeyToken=b03f5f7f11d50a3a' inside file 'C:\Program Files\dotnet\sdk\6.0.402\Extensions\Microsoft.TestPlatform.Extensions.BlameDataCollector.dll'
TpTrace Verbose: 0 : 20872, 1, 2022/10/31, 12:51:37.340, 168571758012, vstest.console.dll, MetadataReaderExtensionsHelper: Discovering extensions inside assembly 'Microsoft.TestPlatform.Extensions.EventLogCollector, Version=15.0.0.0, Culture=neutral, PublicKeyToken=b03f5f7f11d50a3a' file path 'C:\Program Files\dotnet\sdk\6.0.402\Extensions\Microsoft.TestPlatform.Extensions.EventLogCollector.dll'
TpTrace Verbose: 0 : 20872, 1, 2022/10/31, 12:51:37.340, 168571760900, vstest.console.dll, MetadataReaderExtensionsHelper: Discovering extensions inside assembly 'Microsoft.TestPlatform.TestHostRuntimeProvider, Version=15.0.0.0, Culture=neutral, PublicKeyToken=b03f5f7f11d50a3a' file path 'C:\Program Files\dotnet\sdk\6.0.402\Extensions\Microsoft.TestPlatform.TestHostRuntimeProvider.dll'
TpTrace Verbose: 0 : 20872, 1, 2022/10/31, 12:51:37.341, 168571764575, vstest.console.dll, MetadataReaderExtensionsHelper: Discovering extensions inside assembly 'Microsoft.VisualStudio.TestPlatform.Extensions.Html.TestLogger, Version=15.0.0.0, Culture=neutral, PublicKeyToken=b03f5f7f11d50a3a' file path 'C:\Program Files\dotnet\sdk\6.0.402\Extensions\Microsoft.VisualStudio.TestPlatform.Extensions.Html.TestLogger.dll'
TpTrace Information: 0 : 20872, 1, 2022/10/31, 12:51:37.341, 168571769947, vstest.console.dll, GetTestExtensionFromType: Register extension with identifier data 'logger://Microsoft/TestPlatform/HtmlLogger/v1' and type 'Microsoft.VisualStudio.TestPlatform.Extensions.HtmlLogger.HtmlLogger, Microsoft.VisualStudio.TestPlatform.Extensions.Html.TestLogger, Version=15.0.0.0, Culture=neutral, PublicKeyToken=b03f5f7f11d50a3a' inside file 'C:\Program Files\dotnet\sdk\6.0.402\Extensions\Microsoft.VisualStudio.TestPlatform.Extensions.Html.TestLogger.dll'
TpTrace Verbose: 0 : 20872, 1, 2022/10/31, 12:51:37.341, 168571771108, vstest.console.dll, MetadataReaderExtensionsHelper: Discovering extensions inside assembly 'Microsoft.VisualStudio.TestPlatform.Extensions.Trx.TestLogger, Version=15.0.0.0, Culture=neutral, PublicKeyToken=b03f5f7f11d50a3a' file path 'C:\Program Files\dotnet\sdk\6.0.402\Extensions\Microsoft.VisualStudio.TestPlatform.Extensions.Trx.TestLogger.dll'
TpTrace Information: 0 : 20872, 1, 2022/10/31, 12:51:37.342, 168571775080, vstest.console.dll, GetTestExtensionFromType: Register extension with identifier data 'logger://Microsoft/TestPlatform/TrxLogger/v1' and type 'Microsoft.VisualStudio.TestPlatform.Extensions.TrxLogger.TrxLogger, Microsoft.VisualStudio.TestPlatform.Extensions.Trx.TestLogger, Version=15.0.0.0, Culture=neutral, PublicKeyToken=b03f5f7f11d50a3a' inside file 'C:\Program Files\dotnet\sdk\6.0.402\Extensions\Microsoft.VisualStudio.TestPlatform.Extensions.Trx.TestLogger.dll'
TpTrace Verbose: 0 : 20872, 1, 2022/10/31, 12:51:37.342, 168571775967, vstest.console.dll, TestPluginCache: Discovered the extensions using extension path ''.
TpTrace Verbose: 0 : 20872, 1, 2022/10/31, 12:51:37.342, 168571776350, vstest.console.dll, TestPluginCache: Discoverers are ''.
TpTrace Verbose: 0 : 20872, 1, 2022/10/31, 12:51:37.342, 168571776637, vstest.console.dll, TestPluginCache: Executors are ''.
TpTrace Verbose: 0 : 20872, 1, 2022/10/31, 12:51:37.342, 168571776903, vstest.console.dll, TestPluginCache: Executors2 are ''.
TpTrace Verbose: 0 : 20872, 1, 2022/10/31, 12:51:37.342, 168571777169, vstest.console.dll, TestPluginCache: Setting providers are ''.
TpTrace Verbose: 0 : 20872, 1, 2022/10/31, 12:51:37.342, 168571777955, vstest.console.dll, TestPluginCache: Loggers are 'logger://Microsoft/TestPlatform/Extensions/Blame/v1,logger://Microsoft/TestPlatform/HtmlLogger/v1,logger://Microsoft/TestPlatform/TrxLogger/v1'.
TpTrace Verbose: 0 : 20872, 1, 2022/10/31, 12:51:37.342, 168571778356, vstest.console.dll, TestPluginCache: TestHosts are 'HostProvider://DefaultTestHost,HostProvider://DotnetTestHost'.
TpTrace Verbose: 0 : 20872, 1, 2022/10/31, 12:51:37.342, 168571778651, vstest.console.dll, TestPluginCache: DataCollectors are ''.
TpTrace Information: 0 : 20872, 1, 2022/10/31, 12:51:37.343, 168571785928, vstest.console.dll, TestPluginManager.CreateTestExtension: Attempting to load test extension: Microsoft.TestPlatform.Extensions.BlameDataCollector.BlameLogger
TpTrace Verbose: 0 : 20872, 1, 2022/10/31, 12:51:37.349, 168571848014, vstest.console.dll, TestEngine: Initializing Parallel Execution as MaxCpuCount is set to: 1
TpTrace Information: 0 : 20872, 1, 2022/10/31, 12:51:37.350, 168571863529, vstest.console.dll, TestPluginManager.CreateTestExtension: Attempting to load test extension: Microsoft.VisualStudio.TestPlatform.CrossPlatEngine.Hosting.DefaultTestHostManager
TpTrace Information: 0 : 20872, 1, 2022/10/31, 12:51:37.351, 168571872163, vstest.console.dll, TestPluginManager.CreateTestExtension: Attempting to load test extension: Microsoft.VisualStudio.TestPlatform.CrossPlatEngine.Hosting.DotnetTestHostManager
TpTrace Information: 0 : 20872, 1, 2022/10/31, 12:51:37.352, 168571878502, vstest.console.dll, InferRunSettingsHelper.IsTestSettingsEnabled: Unable to navigate to RunSettings/MSTest. Current node: RunSettings
TpTrace Verbose: 0 : 20872, 1, 2022/10/31, 12:51:37.357, 168571929864, vstest.console.dll, TestEngine.GetExecutionManager: Chosen execution manager 'Microsoft.VisualStudio.TestPlatform.CrossPlatEngine.Client.Parallel.ParallelProxyExecutionManager, Microsoft.TestPlatform.CrossPlatEngine, Version=15.0.0.0, Culture=neutral, PublicKeyToken=b03f5f7f11d50a3a' ParallelLevel '1'.
TpTrace Verbose: 0 : 20872, 1, 2022/10/31, 12:51:37.357, 168571932391, vstest.console.dll, TestRunRequest.ExecuteAsync: Creating test run request.
TpTrace Verbose: 0 : 20872, 1, 2022/10/31, 12:51:37.358, 168571935085, vstest.console.dll, TestRunRequest.ExecuteAsync: Starting.
TpTrace Information: 0 : 20872, 1, 2022/10/31, 12:51:37.358, 168571938327, vstest.console.dll, TestRunRequest.ExecuteAsync: Starting run with settings:TestRunCriteria:
   KeepAlive=False,FrequencyOfRunStatsChangeEvent=10,RunStatsChangeEventTimeout=00:00:01.5000000,TestCaseFilter=,TestExecutorLauncher=
   Settingsxml=<RunSettings>
  <RunConfiguration>
    <ResultsDirectory>D:\Source Tree_Git_Ecommerce\EcommerceAPI\Ecommerce.API.UnitTest\bin\Debug\net6.0\fine-code-coverage\coverage-tool-output</ResultsDirectory>
    <TargetPlatform>X64</TargetPlatform>
    <TargetFrameworkVersion>.NETCoreApp,Version=v6.0</TargetFrameworkVersion>
    <DesignMode>False</DesignMode>
    <CollectSourceInformation>False</CollectSourceInformation>
  </RunConfiguration>
  <LoggerRunSettings>
    <Loggers>
      <Logger friendlyName="blame" enabled="True" />
      <Logger friendlyName="Console" uri="logger://microsoft/TestPlatform/ConsoleLogger/v1" assemblyQualifiedName="Microsoft.VisualStudio.TestPlatform.CommandLine.Internal.ConsoleLogger, vstest.console, Version=15.0.0.0, Culture=neutral, PublicKeyToken=b03f5f7f11d50a3a" codeBase="C:\Program Files\dotnet\sdk\6.0.402\vstest.console.dll" enabled="True" />
    </Loggers>
  </LoggerRunSettings>
  <DataCollectionRunSettings>
    <DataCollectors>
      <DataCollector friendlyName="blame" enabled="True">
        <Configuration>
          <ResultsDirectory>D:\Source Tree_Git_Ecommerce\EcommerceAPI\Ecommerce.API.UnitTest\bin\Debug\net6.0\fine-code-coverage\coverage-tool-output</ResultsDirectory>
        </Configuration>
      </DataCollector>
    </DataCollectors>
  </DataCollectionRunSettings>
</RunSettings>

TpTrace Verbose: 0 : 20872, 1, 2022/10/31, 12:51:37.358, 168571938956, vstest.console.dll, TestRunRequest.ExecuteAsync: Wait for the first run request is over.
TpTrace Verbose: 0 : 20872, 1, 2022/10/31, 12:51:37.358, 168571941822, vstest.console.dll, MulticastDelegateUtilities.SafeInvoke: TestRun.TestRunStart: Invoking callbacks was skipped because there are no subscribers.
TpTrace Verbose: 0 : 20872, 4, 2022/10/31, 12:51:37.359, 168571946734, vstest.console.dll, MulticastDelegateUtilities.SafeInvoke: InternalTestLoggerEvents.SendTestRunStart: Invoking callback 1/1 for Microsoft.VisualStudio.TestPlatform.CommandLine.Internal.ConsoleLogger.TestRunStartHandler, took 0 ms.
TpTrace Verbose: 0 : 20872, 1, 2022/10/31, 12:51:37.360, 168571957729, vstest.console.dll, ParallelProxyExecutionManager: Start execution. Total sources: 1
TpTrace Verbose: 0 : 20872, 1, 2022/10/31, 12:51:37.361, 168571973017, vstest.console.dll, TestRequestSender is acting as server.
TpTrace Verbose: 0 : 20872, 1, 2022/10/31, 12:51:37.363, 168571985825, vstest.console.dll, DataCollectionRequestSender.InitializeCommunication : Initialize communication. 
TpTrace Information: 0 : 20872, 1, 2022/10/31, 12:51:37.370, 168572055092, vstest.console.dll, Listening on Endpoint : 127.0.0.1:56063
TpTrace Verbose: 0 : 20872, 1, 2022/10/31, 12:51:37.378, 168572143956, vstest.console.dll, DotnetDataCollectionLauncher: Adding  --runtimeconfig "C:\Program Files\dotnet\sdk\6.0.402\datacollector.runtimeconfig.json" in args
TpTrace Verbose: 0 : 20872, 1, 2022/10/31, 12:51:37.379, 168572145295, vstest.console.dll, DotnetDataCollectionLauncher: Adding  --depsfile "C:\Program Files\dotnet\sdk\6.0.402\datacollector.deps.json" in args
TpTrace Verbose: 0 : 20872, 1, 2022/10/31, 12:51:37.379, 168572147719, vstest.console.dll, DotnetDataCollectionLauncher: Full path of dotnet.exe is C:\Program Files\dotnet\dotnet.exe
TpTrace Information: 0 : 20872, 1, 2022/10/31, 12:51:37.394, 168572300028, vstest.console.dll, ProxyDataCollectionManager.Initialize: Launched datacollector processId: 22936 port: 56063
TpTrace Information: 0 : 20872, 1, 2022/10/31, 12:51:37.394, 168572302161, vstest.console.dll, ProxyDataCollectionManager.Initialize: waiting for connection with timeout: 90 seconds
TpTrace Verbose: 0 : 20872, 1, 2022/10/31, 12:51:37.394, 168572303275, vstest.console.dll, DataCollectionRequestSender.WaitForRequestHandlerConnection : Waiting for connection with timeout: 90000
TpTrace Information: 0 : 20872, 5, 2022/10/31, 12:51:37.595, 168574312413, vstest.console.dll, Using the buffer size of 16384 bytes
TpTrace Verbose: 0 : 20872, 1, 2022/10/31, 12:51:37.595, 168574312579, vstest.console.dll, SocketCommunicationManager.WaitForClientConnection took: 200 ms, with 90000 ms timeout, and finished with True.
TpTrace Information: 0 : 20872, 5, 2022/10/31, 12:51:37.595, 168574313638, vstest.console.dll, Accepted Client request and set the flag
TpTrace Verbose: 0 : 20872, 1, 2022/10/31, 12:51:37.596, 168574315099, vstest.console.dll, ProxyDataCollectionManager.InvokeDataCollectionServiceAction: Starting.
TpTrace Information: 0 : 20872, 1, 2022/10/31, 12:51:37.596, 168574316317, vstest.console.dll, ProxyDataCollectionManager.BeforeTestRunStart: Get environment variable and port for datacollector processId: 22936 port: 56063
TpTrace Verbose: 0 : 20872, 1, 2022/10/31, 12:51:37.596, 168574317715, vstest.console.dll, DataCollectionRequestSender.SendBeforeTestRunStartAndGetResult: Send BeforeTestRunStart message with settingsXml <RunSettings><RunConfiguration><ResultsDirectory>D:\Source Tree_Git_Ecommerce\EcommerceAPI\Ecommerce.API.UnitTest\bin\Debug\net6.0\fine-code-coverage\coverage-tool-output</ResultsDirectory><TargetPlatform>X64</TargetPlatform><TargetFrameworkVersion>.NETCoreApp,Version=v6.0</TargetFrameworkVersion><DesignMode>False</DesignMode><CollectSourceInformation>False</CollectSourceInformation><TestAdaptersPaths>C:\Program Files\dotnet\sdk\6.0.402\Extensions</TestAdaptersPaths></RunConfiguration><LoggerRunSettings><Loggers><Logger friendlyName="blame" enabled="True" /><Logger friendlyName="Console" uri="logger://microsoft/TestPlatform/ConsoleLogger/v1" assemblyQualifiedName="Microsoft.VisualStudio.TestPlatform.CommandLine.Internal.ConsoleLogger, vstest.console, Version=15.0.0.0, Culture=neutral, PublicKeyToken=b03f5f7f11d50a3a" codeBase="C:\Program Files\dotnet\sdk\6.0.402\vstest.console.dll" enabled="True" /></Loggers></LoggerRunSettings><DataCollectionRunSettings><DataCollectors><DataCollector friendlyName="blame" enabled="True"><Configuration><ResultsDirectory>D:\Source Tree_Git_Ecommerce\EcommerceAPI\Ecommerce.API.UnitTest\bin\Debug\net6.0\fine-code-coverage\coverage-tool-output</ResultsDirectory></Configuration></DataCollector></DataCollectors></DataCollectionRunSettings></RunSettings> and sources System.Collections.Generic.List`1[System.String]: 
TpTrace Verbose: 0 : 20872, 1, 2022/10/31, 12:51:37.670, 168575060373, vstest.console.dll, DataCollectionRequestSender.SendBeforeTestRunStartAndGetResult: Received message: (DataCollection.SendMessage) -> {"MessageType":"DataCollection.SendMessage","Payload":{"FriendlyName":null,"Uri":null,"TestCaseId":"00000000-0000-0000-0000-000000000000","Message":"Logging DataCollector Diagnostics in file: D:\\Source Tree_Git_Ecommerce\\EcommerceAPI\\Ecommerce.API.UnitTest\\bin\\Debug\\net6.0\\fine-code-coverage\\coverage-tool-output\\diagnostics.datacollector.22-10-31_12-51-37_37869_1.log","Level":0}}
TpTrace Verbose: 0 : 20872, 1, 2022/10/31, 12:51:37.766, 168576014586, vstest.console.dll, DataCollectionRequestSender.SendBeforeTestRunStartAndGetResult: Received message: (DataCollection.BeforeTestRunStartResult) -> {"MessageType":"DataCollection.BeforeTestRunStartResult","Payload":{"EnvironmentVariables":{},"DataCollectionEventsPort":56065}}
TpTrace Information: 0 : 20872, 1, 2022/10/31, 12:51:37.775, 168576104589, vstest.console.dll, ProxyDataCollectionManager.BeforeTestRunStart: SendBeforeTestRunStartAndGetResult successful, env variable from datacollector:   and testhost port: 56065
TpTrace Information: 0 : 20872, 1, 2022/10/31, 12:51:37.775, 168576105999, vstest.console.dll, ProxyDataCollectionManager.InvokeDataCollectionServiceAction: Completed.
TpTrace Verbose: 0 : 20872, 7, 2022/10/31, 12:51:37.775, 168576107539, vstest.console.dll, ParallelProxyExecutionManager: Execution started. Started clients: 1
TpTrace Verbose: 0 : 20872, 1, 2022/10/31, 12:51:37.775, 168576108532, vstest.console.dll, ProxyParallelExecutionManager: No sources available for execution.
TpTrace Information: 0 : 20872, 1, 2022/10/31, 12:51:37.775, 168576109505, vstest.console.dll, TestRunRequest.ExecuteAsync: Started.
TpTrace Verbose: 0 : 20872, 1, 2022/10/31, 12:51:37.775, 168576110537, vstest.console.dll, TestRunRequest.WaitForCompletion: Waiting with timeout -1.
TpTrace Verbose: 0 : 20872, 7, 2022/10/31, 12:51:37.775, 168576111283, vstest.console.dll, TestRunRequest:SendTestRunMessage: Starting.
TpTrace Verbose: 0 : 20872, 7, 2022/10/31, 12:51:37.775, 168576113254, vstest.console.dll, MulticastDelegateUtilities.SafeInvoke: TestRun.LogMessages: Invoking callback 1/1 for Microsoft.VisualStudio.TestPlatform.CommandLine.TestRunResultAggregator.TestRunMessageHandler, took 0 ms.
TpTrace Verbose: 0 : 20872, 4, 2022/10/31, 12:51:37.775, 168576113254, vstest.console.dll, MulticastDelegateUtilities.SafeInvoke: InternalTestLoggerEvents.SendTestRunMessage: Invoking callback 1/1 for Microsoft.VisualStudio.TestPlatform.CommandLine.Internal.ConsoleLogger.TestMessageHandler, took 0 ms.
TpTrace Information: 0 : 20872, 7, 2022/10/31, 12:51:37.775, 168576114018, vstest.console.dll, TestRunRequest:SendTestRunMessage: Completed.
TpTrace Verbose: 0 : 20872, 7, 2022/10/31, 12:51:37.776, 168576117492, vstest.console.dll, ProxyExecutionManager: Test host is always Lazy initialize.
TpTrace Verbose: 0 : 20872, 7, 2022/10/31, 12:51:37.776, 168576119968, vstest.console.dll, TestRequestSender.InitializeCommunication: initialize communication. 
TpTrace Information: 0 : 20872, 7, 2022/10/31, 12:51:37.777, 168576125610, vstest.console.dll, SocketServer.Start: Listening on endpoint : 127.0.0.1:56066
TpTrace Verbose: 0 : 20872, 7, 2022/10/31, 12:51:37.778, 168576134870, vstest.console.dll, DotnetTestHostmanager.GetTestHostProcessStartInfo: Platform environment 'X64' target architecture 'X64' framework '.NETCoreApp,Version=v6.0' OS 'Windows'
TpTrace Verbose: 0 : 20872, 7, 2022/10/31, 12:51:37.778, 168576138421, vstest.console.dll, DotnetTestHostmanager: Adding  --runtimeconfig "D:\Source Tree_Git_Ecommerce\EcommerceAPI\Ecommerce.API.UnitTest\bin\Debug\net6.0\fine-code-coverage\build-output\Ecommerce.API.UnitTest.runtimeconfig.json" in args
TpTrace Verbose: 0 : 20872, 7, 2022/10/31, 12:51:37.778, 168576139963, vstest.console.dll, DotnetTestHostmanager: Adding  --depsfile "D:\Source Tree_Git_Ecommerce\EcommerceAPI\Ecommerce.API.UnitTest\bin\Debug\net6.0\fine-code-coverage\build-output\Ecommerce.API.UnitTest.deps.json" in args
TpTrace Verbose: 0 : 20872, 7, 2022/10/31, 12:51:37.778, 168576143244, vstest.console.dll, DotnetTestHostmanager.IsWinOnArm: Current PROCESSOR_ARCHITECTURE from environment variable 'AMD64'
TpTrace Verbose: 0 : 20872, 7, 2022/10/31, 12:51:37.779, 168576144564, vstest.console.dll, DotnetTestHostmanager.IsWinOnArm: Is Windows on ARM 'False'
TpTrace Verbose: 0 : 20872, 7, 2022/10/31, 12:51:37.779, 168576145652, vstest.console.dll, DotnetTestHostManager: testhost.exe found at path: D:\Source Tree_Git_Ecommerce\EcommerceAPI\Ecommerce.API.UnitTest\bin\Debug\net6.0\fine-code-coverage\build-output\testhost.exe
TpTrace Verbose: 0 : 20872, 7, 2022/10/31, 12:51:37.779, 168576146484, vstest.console.dll, DotnetTestHostmanager: Full path of host exe is D:\Source Tree_Git_Ecommerce\EcommerceAPI\Ecommerce.API.UnitTest\bin\Debug\net6.0\fine-code-coverage\build-output\testhost.exe
TpTrace Verbose: 0 : 20872, 7, 2022/10/31, 12:51:37.779, 168576148865, vstest.console.dll, DotnetTestHostmanager.LaunchTestHostAsync: Found 'VSTEST_WINAPPHOST_DOTNET_ROOT' in env variables, value 'C:\Program Files\dotnet', forwarding to 'DOTNET_ROOT'
TpTrace Verbose: 0 : 20872, 7, 2022/10/31, 12:51:37.779, 168576150884, vstest.console.dll, DotnetTestHostManager: Starting process 'D:\Source Tree_Git_Ecommerce\EcommerceAPI\Ecommerce.API.UnitTest\bin\Debug\net6.0\fine-code-coverage\build-output\testhost.exe' with command line ' --runtimeconfig "D:\Source Tree_Git_Ecommerce\EcommerceAPI\Ecommerce.API.UnitTest\bin\Debug\net6.0\fine-code-coverage\build-output\Ecommerce.API.UnitTest.runtimeconfig.json" --depsfile "D:\Source Tree_Git_Ecommerce\EcommerceAPI\Ecommerce.API.UnitTest\bin\Debug\net6.0\fine-code-coverage\build-output\Ecommerce.API.UnitTest.deps.json" --port 56066 --endpoint 127.0.0.1:056066 --role client --parentprocessid 20872 --diag "D:\Source Tree_Git_Ecommerce\EcommerceAPI\Ecommerce.API.UnitTest\bin\Debug\net6.0\fine-code-coverage\coverage-tool-output\diagnostics.host.22-10-31_12-51-37_77767_7.log" --tracelevel 4 --datacollectionport 56065 --telemetryoptedin false'
TpTrace Verbose: 0 : 20872, 7, 2022/10/31, 12:51:37.794, 168576298475, vstest.console.dll, MulticastDelegateUtilities.SafeInvoke: HostProviderEvents.OnHostLaunched: Invoking callback 1/2 for Microsoft.VisualStudio.TestPlatform.CrossPlatEngine.Client.ProxyExecutionManagerWithDataCollection.TestHostLaunchedHandler, took 1 ms.
TpTrace Verbose: 0 : 20872, 7, 2022/10/31, 12:51:37.794, 168576300058, vstest.console.dll, Test Runtime launched
TpTrace Verbose: 0 : 20872, 7, 2022/10/31, 12:51:37.794, 168576301246, vstest.console.dll, MulticastDelegateUtilities.SafeInvoke: HostProviderEvents.OnHostLaunched: Invoking callback 2/2 for Microsoft.VisualStudio.TestPlatform.CrossPlatEngine.Client.ProxyOperationManager.TestHostManagerHostLaunched, took 0 ms.
TpTrace Verbose: 0 : 20872, 7, 2022/10/31, 12:51:37.794, 168576303347, vstest.console.dll, TestRequestSender.WaitForRequestHandlerConnection: waiting for connection with timeout: 90000.
TpTrace Verbose: 0 : 20872, 7, 2022/10/31, 12:51:37.971, 168578067514, vstest.console.dll, TestRequestSender.WaitForRequestHandlerConnection: waiting took 176 ms, with timeout 90000 ms, and result 0, which is success.
TpTrace Verbose: 0 : 20872, 12, 2022/10/31, 12:51:37.971, 168578069121, vstest.console.dll, MulticastDelegateUtilities.SafeInvoke: SocketServer: ClientConnected: Invoking callback 1/1 for Microsoft.VisualStudio.TestPlatform.CommunicationUtilities.TestRequestSender.<InitializeCommunication>b__24_0, took 0 ms.
TpTrace Verbose: 0 : 20872, 12, 2022/10/31, 12:51:37.971, 168578069970, vstest.console.dll, SocketServer.OnClientConnected: Client connected for endPoint: 127.0.0.1:56066, starting MessageLoopAsync:
TpTrace Verbose: 0 : 20872, 12, 2022/10/31, 12:51:37.971, 168578072343, vstest.console.dll, TcpClientExtensions.MessageLoopAsync: Polling on remoteEndPoint: 127.0.0.1:56067 localEndPoint: 127.0.0.1:56066
TpTrace Verbose: 0 : 20872, 7, 2022/10/31, 12:51:37.972, 168578080123, vstest.console.dll, TestRequestSender.CheckVersionWithTestHost: Sending check version message: {"MessageType":"ProtocolVersion","Payload":7}
TpTrace Verbose: 0 : 20872, 12, 2022/10/31, 12:51:38.141, 168579767911, vstest.console.dll, TcpClientExtensions.MessageLoopAsync: NotifyDataAvailable remoteEndPoint: 127.0.0.1:56067 localEndPoint: 127.0.0.1:56066
TpTrace Verbose: 0 : 20872, 12, 2022/10/31, 12:51:38.141, 168579769881, vstest.console.dll, TestRequestSender.CheckVersionWithTestHost: onMessageReceived received message: (ProtocolVersion) -> {"MessageType":"ProtocolVersion","Payload":5}
TpTrace Verbose: 0 : 20872, 12, 2022/10/31, 12:51:38.142, 168579775686, vstest.console.dll, MulticastDelegateUtilities.SafeInvoke: LengthPrefixCommunicationChannel: MessageReceived: Invoking callback 1/1 for Microsoft.VisualStudio.TestPlatform.CommunicationUtilities.TestRequestSender+<>c__DisplayClass26_0.<CheckVersionWithTestHost>b__0, took 0 ms.
TpTrace Verbose: 0 : 20872, 7, 2022/10/31, 12:51:38.142, 168579776401, vstest.console.dll, TestPluginCache.GetExtensionPaths: Filtered extension paths: 
TpTrace Verbose: 0 : 20872, 12, 2022/10/31, 12:51:38.142, 168579777174, vstest.console.dll, TcpClientExtensions.MessageLoopAsync: Polling on remoteEndPoint: 127.0.0.1:56067 localEndPoint: 127.0.0.1:56066
TpTrace Verbose: 0 : 20872, 7, 2022/10/31, 12:51:38.142, 168579777358, vstest.console.dll, TestPluginCache.GetExtensionPaths: Added default extension paths: C:\Program Files\dotnet\sdk\6.0.402\Extensions\Microsoft.Diagnostics.NETCore.Client.dll
C:\Program Files\dotnet\sdk\6.0.402\Extensions\Microsoft.TestPlatform.Extensions.BlameDataCollector.dll
C:\Program Files\dotnet\sdk\6.0.402\Extensions\Microsoft.TestPlatform.Extensions.EventLogCollector.dll
C:\Program Files\dotnet\sdk\6.0.402\Extensions\Microsoft.TestPlatform.TestHostRuntimeProvider.dll
C:\Program Files\dotnet\sdk\6.0.402\Extensions\Microsoft.VisualStudio.TestPlatform.Extensions.Html.TestLogger.dll
C:\Program Files\dotnet\sdk\6.0.402\Extensions\Microsoft.VisualStudio.TestPlatform.Extensions.Trx.TestLogger.dll
TpTrace Verbose: 0 : 20872, 7, 2022/10/31, 12:51:38.142, 168579778472, vstest.console.dll, TestPluginCache.GetExtensionPaths: Added unfilterableExtensionPaths: 
TpTrace Verbose: 0 : 20872, 7, 2022/10/31, 12:51:38.145, 168579811046, vstest.console.dll, TestRequestSender.InitializeExecution: Sending initialize execution with message: {"Version":5,"MessageType":"TestExecution.Initialize","Payload":["D:\\Source Tree_Git_Ecommerce\\EcommerceAPI\\Ecommerce.API.UnitTest\\bin\\Debug\\net6.0\\fine-code-coverage\\build-output\\xunit.runner.visualstudio.dotnetcore.testadapter.dll"]}
TpTrace Warning: 0 : 20872, 7, 2022/10/31, 12:51:38.146, 168579815511, vstest.console.dll, InferRunSettingsHelper.MakeRunsettingsCompatible: Removing the following settings: TargetPlatform from RunSettings file. To use those settings please move to latest version of Microsoft.NET.Test.Sdk
TpTrace Verbose: 0 : 20872, 7, 2022/10/31, 12:51:38.154, 168579899377, vstest.console.dll, TestRequestSender.StartTestRun: Sending test run with message: {"Version":5,"MessageType":"TestExecution.StartWithSources","Payload":{"AdapterSourceMap":{"_none_":["D:\\Source Tree_Git_Ecommerce\\EcommerceAPI\\Ecommerce.API.UnitTest\\bin\\Debug\\net6.0\\fine-code-coverage\\build-output\\Ecommerce.API.UnitTest.dll"]},"RunSettings":"<RunSettings>\r\n  <RunConfiguration>\r\n    <ResultsDirectory>D:\\Source Tree_Git_Ecommerce\\EcommerceAPI\\Ecommerce.API.UnitTest\\bin\\Debug\\net6.0\\fine-code-coverage\\coverage-tool-output</ResultsDirectory>\r\n    <TargetFrameworkVersion>.NETCoreApp,Version=v6.0</TargetFrameworkVersion>\r\n    <DesignMode>False</DesignMode>\r\n    <CollectSourceInformation>False</CollectSourceInformation>\r\n  </RunConfiguration>\r\n  <LoggerRunSettings>\r\n    <Loggers>\r\n      <Logger friendlyName=\"blame\" enabled=\"True\" />\r\n      <Logger friendlyName=\"Console\" uri=\"logger://microsoft/TestPlatform/ConsoleLogger/v1\" assemblyQualifiedName=\"Microsoft.VisualStudio.TestPlatform.CommandLine.Internal.ConsoleLogger, vstest.console, Version=15.0.0.0, Culture=neutral, PublicKeyToken=b03f5f7f11d50a3a\" codeBase=\"C:\\Program Files\\dotnet\\sdk\\6.0.402\\vstest.console.dll\" enabled=\"True\" />\r\n    </Loggers>\r\n  </LoggerRunSettings>\r\n  <DataCollectionRunSettings>\r\n    <DataCollectors>\r\n      <DataCollector friendlyName=\"blame\" enabled=\"True\">\r\n        <Configuration>\r\n          <ResultsDirectory>D:\\Source Tree_Git_Ecommerce\\EcommerceAPI\\Ecommerce.API.UnitTest\\bin\\Debug\\net6.0\\fine-code-coverage\\coverage-tool-output</ResultsDirectory>\r\n        </Configuration>\r\n      </DataCollector>\r\n    </DataCollectors>\r\n  </DataCollectionRunSettings>\r\n</RunSettings>","TestExecutionContext":{"FrequencyOfRunStatsChangeEvent":10,"RunStatsChangeEventTimeout":"00:00:01.5000000","InIsolation":false,"KeepAlive":false,"AreTestCaseLevelEventsRequired":false,"IsDebug":false,"TestCaseFilter":null,"FilterOptions":null},"Package":null}}
TpTrace Verbose: 0 : 20872, 12, 2022/10/31, 12:51:38.159, 168579949147, vstest.console.dll, TcpClientExtensions.MessageLoopAsync: NotifyDataAvailable remoteEndPoint: 127.0.0.1:56067 localEndPoint: 127.0.0.1:56066
TpTrace Verbose: 0 : 20872, 12, 2022/10/31, 12:51:38.159, 168579950966, vstest.console.dll, TestRequestSender.OnExecutionMessageReceived: Received message: {"Version":5,"MessageType":"TestSession.Message","Payload":{"MessageLevel":0,"Message":"Logging TestHost Diagnostics in file: D:\\Source Tree_Git_Ecommerce\\EcommerceAPI\\Ecommerce.API.UnitTest\\bin\\Debug\\net6.0\\fine-code-coverage\\coverage-tool-output\\diagnostics.host.22-10-31_12-51-37_77767_7.log"}}
TpTrace Verbose: 0 : 20872, 12, 2022/10/31, 12:51:38.164, 168579996490, vstest.console.dll, TestRunRequest:SendTestRunMessage: Starting.
TpTrace Verbose: 0 : 20872, 4, 2022/10/31, 12:51:38.164, 168579998113, vstest.console.dll, MulticastDelegateUtilities.SafeInvoke: InternalTestLoggerEvents.SendTestRunMessage: Invoking callback 1/1 for Microsoft.VisualStudio.TestPlatform.CommandLine.Internal.ConsoleLogger.TestMessageHandler, took 0 ms.
TpTrace Verbose: 0 : 20872, 12, 2022/10/31, 12:51:38.164, 168579997987, vstest.console.dll, MulticastDelegateUtilities.SafeInvoke: TestRun.LogMessages: Invoking callback 1/1 for Microsoft.VisualStudio.TestPlatform.CommandLine.TestRunResultAggregator.TestRunMessageHandler, took 0 ms.
TpTrace Information: 0 : 20872, 12, 2022/10/31, 12:51:38.164, 168579999726, vstest.console.dll, TestRunRequest:SendTestRunMessage: Completed.
TpTrace Verbose: 0 : 20872, 12, 2022/10/31, 12:51:38.164, 168580000660, vstest.console.dll, MulticastDelegateUtilities.SafeInvoke: LengthPrefixCommunicationChannel: MessageReceived: Invoking callback 1/1 for Microsoft.VisualStudio.TestPlatform.CommunicationUtilities.TestRequestSender+<>c__DisplayClass31_0.<StartTestRun>b__1, took 5 ms.
TpTrace Verbose: 0 : 20872, 12, 2022/10/31, 12:51:38.164, 168580001430, vstest.console.dll, TcpClientExtensions.MessageLoopAsync: Polling on remoteEndPoint: 127.0.0.1:56067 localEndPoint: 127.0.0.1:56066
TpTrace Verbose: 0 : 20872, 12, 2022/10/31, 12:51:38.363, 168581985116, vstest.console.dll, TcpClientExtensions.MessageLoopAsync: NotifyDataAvailable remoteEndPoint: 127.0.0.1:56067 localEndPoint: 127.0.0.1:56066
TpTrace Verbose: 0 : 20872, 12, 2022/10/31, 12:51:38.363, 168581986636, vstest.console.dll, TestRequestSender.OnExecutionMessageReceived: Received message: {"Version":5,"MessageType":"TestSession.Message","Payload":{"MessageLevel":0,"Message":"[xUnit.net 00:00:00.00] xUnit.net VSTest Adapter v2.4.5+1caef2f33e (64-bit .NET 6.0.10)"}}
TpTrace Verbose: 0 : 20872, 12, 2022/10/31, 12:51:38.363, 168581988633, vstest.console.dll, TestRunRequest:SendTestRunMessage: Starting.
TpTrace Verbose: 0 : 20872, 12, 2022/10/31, 12:51:38.363, 168581989687, vstest.console.dll, MulticastDelegateUtilities.SafeInvoke: TestRun.LogMessages: Invoking callback 1/1 for Microsoft.VisualStudio.TestPlatform.CommandLine.TestRunResultAggregator.TestRunMessageHandler, took 0 ms.
TpTrace Verbose: 0 : 20872, 4, 2022/10/31, 12:51:38.363, 168581989787, vstest.console.dll, MulticastDelegateUtilities.SafeInvoke: InternalTestLoggerEvents.SendTestRunMessage: Invoking callback 1/1 for Microsoft.VisualStudio.TestPlatform.CommandLine.Internal.ConsoleLogger.TestMessageHandler, took 0 ms.
TpTrace Information: 0 : 20872, 12, 2022/10/31, 12:51:38.363, 168581990346, vstest.console.dll, TestRunRequest:SendTestRunMessage: Completed.
TpTrace Verbose: 0 : 20872, 12, 2022/10/31, 12:51:38.363, 168581991522, vstest.console.dll, MulticastDelegateUtilities.SafeInvoke: LengthPrefixCommunicationChannel: MessageReceived: Invoking callback 1/1 for Microsoft.VisualStudio.TestPlatform.CommunicationUtilities.TestRequestSender+<>c__DisplayClass31_0.<StartTestRun>b__1, took 0 ms.
TpTrace Verbose: 0 : 20872, 12, 2022/10/31, 12:51:38.363, 168581992011, vstest.console.dll, TcpClientExtensions.MessageLoopAsync: Polling on remoteEndPoint: 127.0.0.1:56067 localEndPoint: 127.0.0.1:56066
TpTrace Verbose: 0 : 20872, 12, 2022/10/31, 12:51:39.372, 168592077987, vstest.console.dll, TcpClientExtensions.MessageLoopAsync: NotifyDataAvailable remoteEndPoint: 127.0.0.1:56067 localEndPoint: 127.0.0.1:56066
TpTrace Verbose: 0 : 20872, 12, 2022/10/31, 12:51:39.372, 168592079575, vstest.console.dll, TestRequestSender.OnExecutionMessageReceived: Received message: {"Version":5,"MessageType":"TestSession.Message","Payload":{"MessageLevel":0,"Message":"[xUnit.net 00:00:01.01]   Discovering: Ecommerce.API.UnitTest"}}
TpTrace Verbose: 0 : 20872, 12, 2022/10/31, 12:51:39.372, 168592081269, vstest.console.dll, TestRunRequest:SendTestRunMessage: Starting.
TpTrace Verbose: 0 : 20872, 12, 2022/10/31, 12:51:39.372, 168592082480, vstest.console.dll, MulticastDelegateUtilities.SafeInvoke: TestRun.LogMessages: Invoking callback 1/1 for Microsoft.VisualStudio.TestPlatform.CommandLine.TestRunResultAggregator.TestRunMessageHandler, took 0 ms.
TpTrace Information: 0 : 20872, 12, 2022/10/31, 12:51:39.372, 168592083098, vstest.console.dll, TestRunRequest:SendTestRunMessage: Completed.
TpTrace Verbose: 0 : 20872, 12, 2022/10/31, 12:51:39.372, 168592083688, vstest.console.dll, MulticastDelegateUtilities.SafeInvoke: LengthPrefixCommunicationChannel: MessageReceived: Invoking callback 1/1 for Microsoft.VisualStudio.TestPlatform.CommunicationUtilities.TestRequestSender+<>c__DisplayClass31_0.<StartTestRun>b__1, took 0 ms.
TpTrace Verbose: 0 : 20872, 12, 2022/10/31, 12:51:39.372, 168592084172, vstest.console.dll, TcpClientExtensions.MessageLoopAsync: Polling on remoteEndPoint: 127.0.0.1:56067 localEndPoint: 127.0.0.1:56066
TpTrace Verbose: 0 : 20872, 4, 2022/10/31, 12:51:39.373, 168592089902, vstest.console.dll, MulticastDelegateUtilities.SafeInvoke: InternalTestLoggerEvents.SendTestRunMessage: Invoking callback 1/1 for Microsoft.VisualStudio.TestPlatform.CommandLine.Internal.ConsoleLogger.TestMessageHandler, took 0 ms.
TpTrace Verbose: 0 : 20872, 12, 2022/10/31, 12:51:39.448, 168592840559, vstest.console.dll, TcpClientExtensions.MessageLoopAsync: NotifyDataAvailable remoteEndPoint: 127.0.0.1:56067 localEndPoint: 127.0.0.1:56066
TpTrace Verbose: 0 : 20872, 12, 2022/10/31, 12:51:39.448, 168592842124, vstest.console.dll, TestRequestSender.OnExecutionMessageReceived: Received message: {"Version":5,"MessageType":"TestSession.Message","Payload":{"MessageLevel":0,"Message":"[xUnit.net 00:00:01.09]   Discovered:  Ecommerce.API.UnitTest"}}
TpTrace Verbose: 0 : 20872, 12, 2022/10/31, 12:51:39.448, 168592843281, vstest.console.dll, TestRunRequest:SendTestRunMessage: Starting.
TpTrace Verbose: 0 : 20872, 12, 2022/10/31, 12:51:39.448, 168592844130, vstest.console.dll, MulticastDelegateUtilities.SafeInvoke: TestRun.LogMessages: Invoking callback 1/1 for Microsoft.VisualStudio.TestPlatform.CommandLine.TestRunResultAggregator.TestRunMessageHandler, took 0 ms.
TpTrace Verbose: 0 : 20872, 4, 2022/10/31, 12:51:39.448, 168592844146, vstest.console.dll, MulticastDelegateUtilities.SafeInvoke: InternalTestLoggerEvents.SendTestRunMessage: Invoking callback 1/1 for Microsoft.VisualStudio.TestPlatform.CommandLine.Internal.ConsoleLogger.TestMessageHandler, took 0 ms.
TpTrace Information: 0 : 20872, 12, 2022/10/31, 12:51:39.449, 168592844886, vstest.console.dll, TestRunRequest:SendTestRunMessage: Completed.
TpTrace Verbose: 0 : 20872, 12, 2022/10/31, 12:51:39.449, 168592846143, vstest.console.dll, MulticastDelegateUtilities.SafeInvoke: LengthPrefixCommunicationChannel: MessageReceived: Invoking callback 1/1 for Microsoft.VisualStudio.TestPlatform.CommunicationUtilities.TestRequestSender+<>c__DisplayClass31_0.<StartTestRun>b__1, took 0 ms.
TpTrace Verbose: 0 : 20872, 12, 2022/10/31, 12:51:39.449, 168592846614, vstest.console.dll, TcpClientExtensions.MessageLoopAsync: Polling on remoteEndPoint: 127.0.0.1:56067 localEndPoint: 127.0.0.1:56066
TpTrace Verbose: 0 : 20872, 12, 2022/10/31, 12:51:39.452, 168592875808, vstest.console.dll, TcpClientExtensions.MessageLoopAsync: NotifyDataAvailable remoteEndPoint: 127.0.0.1:56067 localEndPoint: 127.0.0.1:56066
TpTrace Verbose: 0 : 20872, 12, 2022/10/31, 12:51:39.452, 168592877107, vstest.console.dll, TestRequestSender.OnExecutionMessageReceived: Received message: {"Version":5,"MessageType":"TestSession.Message","Payload":{"MessageLevel":0,"Message":"[xUnit.net 00:00:01.09]   Starting:    Ecommerce.API.UnitTest"}}
TpTrace Verbose: 0 : 20872, 12, 2022/10/31, 12:51:39.452, 168592878118, vstest.console.dll, TestRunRequest:SendTestRunMessage: Starting.
TpTrace Verbose: 0 : 20872, 12, 2022/10/31, 12:51:39.452, 168592879070, vstest.console.dll, MulticastDelegateUtilities.SafeInvoke: TestRun.LogMessages: Invoking callback 1/1 for Microsoft.VisualStudio.TestPlatform.CommandLine.TestRunResultAggregator.TestRunMessageHandler, took 0 ms.
TpTrace Information: 0 : 20872, 12, 2022/10/31, 12:51:39.452, 168592879701, vstest.console.dll, TestRunRequest:SendTestRunMessage: Completed.
TpTrace Verbose: 0 : 20872, 12, 2022/10/31, 12:51:39.452, 168592880252, vstest.console.dll, MulticastDelegateUtilities.SafeInvoke: LengthPrefixCommunicationChannel: MessageReceived: Invoking callback 1/1 for Microsoft.VisualStudio.TestPlatform.CommunicationUtilities.TestRequestSender+<>c__DisplayClass31_0.<StartTestRun>b__1, took 0 ms.
TpTrace Verbose: 0 : 20872, 12, 2022/10/31, 12:51:39.452, 168592880832, vstest.console.dll, TcpClientExtensions.MessageLoopAsync: Polling on remoteEndPoint: 127.0.0.1:56067 localEndPoint: 127.0.0.1:56066
TpTrace Verbose: 0 : 20872, 4, 2022/10/31, 12:51:39.452, 168592880461, vstest.console.dll, MulticastDelegateUtilities.SafeInvoke: InternalTestLoggerEvents.SendTestRunMessage: Invoking callback 1/1 for Microsoft.VisualStudio.TestPlatform.CommandLine.Internal.ConsoleLogger.TestMessageHandler, took 0 ms.
TpTrace Verbose: 0 : 20872, 12, 2022/10/31, 12:51:39.793, 168596289087, vstest.console.dll, TcpClientExtensions.MessageLoopAsync: NotifyDataAvailable remoteEndPoint: 127.0.0.1:56067 localEndPoint: 127.0.0.1:56066
TpTrace Verbose: 0 : 20872, 12, 2022/10/31, 12:51:39.793, 168596291358, vstest.console.dll, TestRequestSender.OnExecutionMessageReceived: Received message: {"Version":5,"MessageType":"TestExecution.StatsChange","Payload":{"NewTestResults":[],"TestRunStatistics":{"ExecutedTests":0,"Stats":{}},"ActiveTests":[{"Id":"eb8d9717-f31f-6be1-8c41-dbd2736c57b5","FullyQualifiedName":"Ecommerce.API.UnitTest.Controller.CustomerTest.Create_Success","DisplayName":"Ecommerce.API.UnitTest.Controller.CustomerTest.Create_Success(id: 6, name: \"customer_6\", phone: \"123456789\", email: \"customer6@gmail.com\")","ExecutorUri":"executor://xunit/VsTestRunner2/netcoreapp","Source":"D:\\Source Tree_Git_Ecommerce\\EcommerceAPI\\Ecommerce.API.UnitTest\\bin\\Debug\\net6.0\\fine-code-coverage\\build-output\\Ecommerce.API.UnitTest.dll","CodeFilePath":null,"LineNumber":0,"Properties":[]},{"Id":"974f542e-9836-5ea5-6cdc-9e19a41b3dd1","FullyQualifiedName":"Ecommerce.API.UnitTest.Controller.ProductTest.Create_Success","DisplayName":"Ecommerce.API.UnitTest.Controller.ProductTest.Create_Success(id: 7, name: \"product 7\", catId: 1)","ExecutorUri":"executor://xunit/VsTestRunner2/netcoreapp","Source":"D:\\Source Tree_Git_Ecommerce\\EcommerceAPI\\Ecommerce.API.UnitTest\\bin\\Debug\\net6.0\\fine-code-coverage\\build-output\\Ecommerce.API.UnitTest.dll","CodeFilePath":null,"LineNumber":0,"Properties":[]}]}}
TpTrace Verbose: 0 : 20872, 12, 2022/10/31, 12:51:39.818, 168596544229, vstest.console.dll, TestRunRequest:SendTestRunStatsChange: Starting.
TpTrace Verbose: 0 : 20872, 12, 2022/10/31, 12:51:39.819, 168596546702, vstest.console.dll, InProgress is Ecommerce.API.UnitTest.Controller.CustomerTest.Create_Success(id: 6, name: "customer_6", phone: "123456789", email: "customer6@gmail.com")
TpTrace Verbose: 0 : 20872, 12, 2022/10/31, 12:51:39.819, 168596547535, vstest.console.dll, InProgress is Ecommerce.API.UnitTest.Controller.ProductTest.Create_Success(id: 7, name: "product 7", catId: 1)
TpTrace Verbose: 0 : 20872, 12, 2022/10/31, 12:51:39.819, 168596549401, vstest.console.dll, MulticastDelegateUtilities.SafeInvoke: TestRun.RunStatsChanged: Invoking callbacks was skipped because there are no subscribers.
TpTrace Information: 0 : 20872, 12, 2022/10/31, 12:51:39.819, 168596550406, vstest.console.dll, TestRunRequest:SendTestRunStatsChange: Completed.
TpTrace Verbose: 0 : 20872, 12, 2022/10/31, 12:51:39.819, 168596551031, vstest.console.dll, MulticastDelegateUtilities.SafeInvoke: LengthPrefixCommunicationChannel: MessageReceived: Invoking callback 1/1 for Microsoft.VisualStudio.TestPlatform.CommunicationUtilities.TestRequestSender+<>c__DisplayClass31_0.<StartTestRun>b__1, took 26 ms.
TpTrace Verbose: 0 : 20872, 12, 2022/10/31, 12:51:39.819, 168596551717, vstest.console.dll, TcpClientExtensions.MessageLoopAsync: Polling on remoteEndPoint: 127.0.0.1:56067 localEndPoint: 127.0.0.1:56066
TpTrace Verbose: 0 : 20872, 12, 2022/10/31, 12:51:40.819, 168606553059, vstest.console.dll, TcpClientExtensions.MessageLoopAsync: Polling on remoteEndPoint: 127.0.0.1:56067 localEndPoint: 127.0.0.1:56066
TpTrace Verbose: 0 : 20872, 12, 2022/10/31, 12:51:40.885, 168607212307, vstest.console.dll, TcpClientExtensions.MessageLoopAsync: NotifyDataAvailable remoteEndPoint: 127.0.0.1:56067 localEndPoint: 127.0.0.1:56066
TpTrace Verbose: 0 : 20872, 12, 2022/10/31, 12:51:40.885, 168607213534, vstest.console.dll, TestRequestSender.OnExecutionMessageReceived: Received message: {"Version":5,"MessageType":"TestSession.Message","Payload":{"MessageLevel":0,"Message":"[xUnit.net 00:00:02.53]   Finished:    Ecommerce.API.UnitTest"}}
TpTrace Verbose: 0 : 20872, 12, 2022/10/31, 12:51:40.886, 168607214684, vstest.console.dll, TestRunRequest:SendTestRunMessage: Starting.
TpTrace Verbose: 0 : 20872, 12, 2022/10/31, 12:51:40.886, 168607215385, vstest.console.dll, MulticastDelegateUtilities.SafeInvoke: TestRun.LogMessages: Invoking callback 1/1 for Microsoft.VisualStudio.TestPlatform.CommandLine.TestRunResultAggregator.TestRunMessageHandler, took 0 ms.
TpTrace Verbose: 0 : 20872, 4, 2022/10/31, 12:51:40.886, 168607215555, vstest.console.dll, MulticastDelegateUtilities.SafeInvoke: InternalTestLoggerEvents.SendTestRunMessage: Invoking callback 1/1 for Microsoft.VisualStudio.TestPlatform.CommandLine.Internal.ConsoleLogger.TestMessageHandler, took 0 ms.
TpTrace Information: 0 : 20872, 12, 2022/10/31, 12:51:40.886, 168607216127, vstest.console.dll, TestRunRequest:SendTestRunMessage: Completed.
TpTrace Verbose: 0 : 20872, 12, 2022/10/31, 12:51:40.886, 168607217274, vstest.console.dll, MulticastDelegateUtilities.SafeInvoke: LengthPrefixCommunicationChannel: MessageReceived: Invoking callback 1/1 for Microsoft.VisualStudio.TestPlatform.CommunicationUtilities.TestRequestSender+<>c__DisplayClass31_0.<StartTestRun>b__1, took 0 ms.
TpTrace Verbose: 0 : 20872, 12, 2022/10/31, 12:51:40.886, 168607217609, vstest.console.dll, TcpClientExtensions.MessageLoopAsync: Polling on remoteEndPoint: 127.0.0.1:56067 localEndPoint: 127.0.0.1:56066
TpTrace Verbose: 0 : 20872, 12, 2022/10/31, 12:51:40.910, 168607455771, vstest.console.dll, TcpClientExtensions.MessageLoopAsync: NotifyDataAvailable remoteEndPoint: 127.0.0.1:56067 localEndPoint: 127.0.0.1:56066
TpTrace Verbose: 0 : 20872, 12, 2022/10/31, 12:51:40.910, 168607458027, vstest.console.dll, TestRequestSender.OnExecutionMessageReceived: Received message: {"Version":5,"MessageType":"TestExecution.Completed","Payload":{"TestRunCompleteArgs":{"TestRunStatistics":{"ExecutedTests":8,"Stats":{"Passed":8}},"IsCanceled":false,"IsAborted":false,"Error":null,"AttachmentSets":[],"ElapsedTimeInRunningTests":"00:00:02.5419100","Metrics":{}},"LastRunTests":{"NewTestResults":[{"TestCase":{"Id":"974f542e-9836-5ea5-6cdc-9e19a41b3dd1","FullyQualifiedName":"Ecommerce.API.UnitTest.Controller.ProductTest.Create_Success","DisplayName":"Ecommerce.API.UnitTest.Controller.ProductTest.Create_Success(id: 7, name: \"product 7\", catId: 1)","ExecutorUri":"executor://xunit/VsTestRunner2/netcoreapp","Source":"D:\\Source Tree_Git_Ecommerce\\EcommerceAPI\\Ecommerce.API.UnitTest\\bin\\Debug\\net6.0\\fine-code-coverage\\build-output\\Ecommerce.API.UnitTest.dll","CodeFilePath":null,"LineNumber":0,"Properties":[]},"Attachments":[],"Outcome":1,"ErrorMessage":null,"ErrorStackTrace":null,"DisplayName":"Ecommerce.API.UnitTest.Controller.ProductTest.Create_Success(id: 7, name: \"product 7\", catId: 1)","Messages":[],"ComputerName":"DESKTOP-PR2L9AD","Duration":"00:00:01.2187107","StartTime":"2022-10-31T05:51:40.7472356+00:00","EndTime":"2022-10-31T05:51:40.7472598+00:00","Properties":[]},{"TestCase":{"Id":"eb8d9717-f31f-6be1-8c41-dbd2736c57b5","FullyQualifiedName":"Ecommerce.API.UnitTest.Controller.CustomerTest.Create_Success","DisplayName":"Ecommerce.API.UnitTest.Controller.CustomerTest.Create_Success(id: 6, name: \"customer_6\", phone: \"123456789\", email: \"customer6@gmail.com\")","ExecutorUri":"executor://xunit/VsTestRunner2/netcoreapp","Source":"D:\\Source Tree_Git_Ecommerce\\EcommerceAPI\\Ecommerce.API.UnitTest\\bin\\Debug\\net6.0\\fine-code-coverage\\build-output\\Ecommerce.API.UnitTest.dll","CodeFilePath":null,"LineNumber":0,"Properties":[]},"Attachments":[],"Outcome":1,"ErrorMessage":null,"ErrorStackTrace":null,"DisplayName":"Ecommerce.API.UnitTest.Controller.CustomerTest.Create_Success(id: 6, name: \"customer_6\", phone: \"123456789\", email: \"customer6@gmail.com\")","Messages":[],"ComputerName":"DESKTOP-PR2L9AD","Duration":"00:00:01.2143260","StartTime":"2022-10-31T05:51:40.7649604+00:00","EndTime":"2022-10-31T05:51:40.7649604+00:00","Properties":[]},{"TestCase":{"Id":"ce76453d-aac5-a99c-7c1c-e17f9533019a","FullyQualifiedName":"Ecommerce.API.UnitTest.Controller.ProductTest.Create_Success","DisplayName":"Ecommerce.API.UnitTest.Controller.ProductTest.Create_Success(id: 8, name: \"product 8\", catId: 2)","ExecutorUri":"executor://xunit/VsTestRunner2/netcoreapp","Source":"D:\\Source Tree_Git_Ecommerce\\EcommerceAPI\\Ecommerce.API.UnitTest\\bin\\Debug\\net6.0\\fine-code-coverage\\build-output\\Ecommerce.API.UnitTest.dll","CodeFilePath":null,"LineNumber":0,"Properties":[]},"Attachments":[],"Outcome":1,"ErrorMessage":null,"ErrorStackTrace":null,"DisplayName":"Ecommerce.API.UnitTest.Controller.ProductTest.Create_Success(id: 8, name: \"product 8\", catId: 2)","Messages":[],"ComputerName":"DESKTOP-PR2L9AD","Duration":"00:00:00.0374152","StartTime":"2022-10-31T05:51:40.7842424+00:00","EndTime":"2022-10-31T05:51:40.7842425+00:00","Properties":[]},{"TestCase":{"Id":"5505ea73-83d6-8cb8-f35f-6af0c72c6b6c","FullyQualifiedName":"Ecommerce.API.UnitTest.Controller.CustomerTest.Create_Success","DisplayName":"Ecommerce.API.UnitTest.Controller.CustomerTest.Create_Success(id: 7, name: \"customer_7\", phone: \"123456789\", email: \"customer7@gmail.com\")","ExecutorUri":"executor://xunit/VsTestRunner2/netcoreapp","Source":"D:\\Source Tree_Git_Ecommerce\\EcommerceAPI\\Ecommerce.API.UnitTest\\bin\\Debug\\net6.0\\fine-code-coverage\\build-output\\Ecommerce.API.UnitTest.dll","CodeFilePath":null,"LineNumber":0,"Properties":[]},"Attachments":[],"Outcome":1,"ErrorMessage":null,"ErrorStackTrace":null,"DisplayName":"Ecommerce.API.UnitTest.Controller.CustomerTest.Create_Success(id: 7, name: \"customer_7\", phone: \"123456789\", email: \"customer7@gmail.com\")","Messages":[],"ComputerName":"DESKTOP-PR2L9AD","Duration":"00:00:00.0374019","StartTime":"2022-10-31T05:51:40.7862214+00:00","EndTime":"2022-10-31T05:51:40.7862215+00:00","Properties":[]},{"TestCase":{"Id":"bc289202-b6bc-3cd0-6d55-5db8ea39802c","FullyQualifiedName":"Ecommerce.API.UnitTest.Controller.CustomerTest.Create_Success","DisplayName":"Ecommerce.API.UnitTest.Controller.CustomerTest.Create_Success(id: 8, name: \"customer_8\", phone: \"123456789\", email: \"customer8@gmail.com\")","ExecutorUri":"executor://xunit/VsTestRunner2/netcoreapp","Source":"D:\\Source Tree_Git_Ecommerce\\EcommerceAPI\\Ecommerce.API.UnitTest\\bin\\Debug\\net6.0\\fine-code-coverage\\build-output\\Ecommerce.API.UnitTest.dll","CodeFilePath":null,"LineNumber":0,"Properties":[]},"Attachments":[],"Outcome":1,"ErrorMessage":null,"ErrorStackTrace":null,"DisplayName":"Ecommerce.API.UnitTest.Controller.CustomerTest.Create_Success(id: 8, name: \"customer_8\", phone: \"123456789\", email: \"customer8@gmail.com\")","Messages":[],"ComputerName":"DESKTOP-PR2L9AD","Duration":"00:00:00.0009937","StartTime":"2022-10-31T05:51:40.7900447+00:00","EndTime":"2022-10-31T05:51:40.7900449+00:00","Properties":[]},{"TestCase":{"Id":"d05069a1-3735-8f24-0af9-2a767951e5d4","FullyQualifiedName":"Ecommerce.API.UnitTest.Controller.ProductTest.Create_Success","DisplayName":"Ecommerce.API.UnitTest.Controller.ProductTest.Create_Success(id: 6, name: \"product 6\", catId: 1)","ExecutorUri":"executor://xunit/VsTestRunner2/netcoreapp","Source":"D:\\Source Tree_Git_Ecommerce\\EcommerceAPI\\Ecommerce.API.UnitTest\\bin\\Debug\\net6.0\\fine-code-coverage\\build-output\\Ecommerce.API.UnitTest.dll","CodeFilePath":null,"LineNumber":0,"Properties":[]},"Attachments":[],"Outcome":1,"ErrorMessage":null,"ErrorStackTrace":null,"DisplayName":"Ecommerce.API.UnitTest.Controller.ProductTest.Create_Success(id: 6, name: \"product 6\", catId: 1)","Messages":[],"ComputerName":"DESKTOP-PR2L9AD","Duration":"00:00:00.0016734","StartTime":"2022-10-31T05:51:40.7929672+00:00","EndTime":"2022-10-31T05:51:40.7929675+00:00","Properties":[]},{"TestCase":{"Id":"2f468c76-9de3-4782-ce40-5a71c62a2d88","FullyQualifiedName":"Ecommerce.API.UnitTest.Controller.CustomerTest.GetAll_Success","DisplayName":"Ecommerce.API.UnitTest.Controller.CustomerTest.GetAll_Success","ExecutorUri":"executor://xunit/VsTestRunner2/netcoreapp","Source":"D:\\Source Tree_Git_Ecommerce\\EcommerceAPI\\Ecommerce.API.UnitTest\\bin\\Debug\\net6.0\\fine-code-coverage\\build-output\\Ecommerce.API.UnitTest.dll","CodeFilePath":null,"LineNumber":0,"Properties":[]},"Attachments":[],"Outcome":1,"ErrorMessage":null,"ErrorStackTrace":null,"DisplayName":"Ecommerce.API.UnitTest.Controller.CustomerTest.GetAll_Success","Messages":[],"ComputerName":"DESKTOP-PR2L9AD","Duration":"00:00:00.0249075","StartTime":"2022-10-31T05:51:40.8105654+00:00","EndTime":"2022-10-31T05:51:40.8105657+00:00","Properties":[]},{"TestCase":{"Id":"03aa0da0-6558-ba74-5923-9b57ea02d64e","FullyQualifiedName":"Ecommerce.API.UnitTest.Controller.ProductTest.GetAll_Success","DisplayName":"Ecommerce.API.UnitTest.Controller.ProductTest.GetAll_Success","ExecutorUri":"executor://xunit/VsTestRunner2/netcoreapp","Source":"D:\\Source Tree_Git_Ecommerce\\EcommerceAPI\\Ecommerce.API.UnitTest\\bin\\Debug\\net6.0\\fine-code-coverage\\build-output\\Ecommerce.API.UnitTest.dll","CodeFilePath":null,"LineNumber":0,"Properties":[]},"Attachments":[],"Outcome":1,"ErrorMessage":null,"ErrorStackTrace":null,"DisplayName":"Ecommerce.API.UnitTest.Controller.ProductTest.GetAll_Success","Messages":[],"ComputerName":"DESKTOP-PR2L9AD","Duration":"00:00:00.0963310","StartTime":"2022-10-31T05:51:40.8824039+00:00","EndTime":"2022-10-31T05:51:40.8824041+00:00","Properties":[]}],"TestRunStatistics":{"ExecutedTests":8,"Stats":{"Passed":8}},"ActiveTests":[]},"RunAttachments":[],"ExecutorUris":["executor://xunit/VsTestRunner2/netcoreapp"]}}
TpTrace Verbose: 0 : 20872, 12, 2022/10/31, 12:51:40.910, 168607459386, vstest.console.dll, TestRequestSender.EndSession: Sending end session.
TpTrace Verbose: 0 : 20872, 12, 2022/10/31, 12:51:40.910, 168607460982, vstest.console.dll, ProxyOperationManager.Close: waiting for test host to exit for 100 ms
TpTrace Warning: 0 : 20872, 10, 2022/10/31, 12:51:40.927, 168607634438, vstest.console.dll, TestHostManagerCallbacks.ErrorReceivedCallback Test host standard error line: 
TpTrace Verbose: 0 : 20872, 10, 2022/10/31, 12:51:40.946, 168607817678, vstest.console.dll, TestHostProvider.ExitCallBack: Host exited starting callback.
TpTrace Information: 0 : 20872, 10, 2022/10/31, 12:51:40.947, 168607825499, vstest.console.dll, TestHostManagerCallbacks.ExitCallBack: Testhost processId: 23316 exited with exitcode: 0 error: ''
TpTrace Verbose: 0 : 20872, 10, 2022/10/31, 12:51:40.947, 168607826230, vstest.console.dll, DotnetTestHostManager.OnHostExited: invoking OnHostExited callback
TpTrace Verbose: 0 : 20872, 10, 2022/10/31, 12:51:40.947, 168607826761, vstest.console.dll, CrossPlatEngine.TestHostManagerHostExited: calling on client process exit callback.
TpTrace Information: 0 : 20872, 10, 2022/10/31, 12:51:40.947, 168607827293, vstest.console.dll, TestRequestSender.OnClientProcessExit: Test host process exited. Standard error: 
TpTrace Information: 0 : 20872, 10, 2022/10/31, 12:51:40.947, 168607827680, vstest.console.dll, SocketServer.Stop: Stop server endPoint: 127.0.0.1:56066
TpTrace Information: 0 : 20872, 12, 2022/10/31, 12:51:40.947, 168607827907, vstest.console.dll, SocketServer.Stop: Stop server endPoint: 127.0.0.1:56066
TpTrace Information: 0 : 20872, 12, 2022/10/31, 12:51:40.947, 168607828432, vstest.console.dll, SocketServer.Stop: Cancellation requested. Stopping message loop.
TpTrace Information: 0 : 20872, 10, 2022/10/31, 12:51:40.947, 168607827942, vstest.console.dll, SocketServer.Stop: Cancellation requested. Stopping message loop.
TpTrace Verbose: 0 : 20872, 10, 2022/10/31, 12:51:40.947, 168607829405, vstest.console.dll, MulticastDelegateUtilities.SafeInvoke: HostProviderEvents.OnHostExited: Invoking callback 1/1 for Microsoft.VisualStudio.TestPlatform.CrossPlatEngine.Client.ProxyOperationManager.TestHostManagerHostExited, took 0 ms.
TpTrace Information: 0 : 20872, 12, 2022/10/31, 12:51:40.947, 168607829611, vstest.console.dll, Closing the connection
TpTrace Verbose: 0 : 20872, 12, 2022/10/31, 12:51:40.947, 168607832087, vstest.console.dll, ProxyDataCollectionManager.InvokeDataCollectionServiceAction: Starting.
TpTrace Information: 0 : 20872, 12, 2022/10/31, 12:51:40.947, 168607832529, vstest.console.dll, ProxyDataCollectionManager.AfterTestRunEnd: Get attachment set and invoked data collectors processId: 22936 port: 56063
TpTrace Verbose: 0 : 20872, 12, 2022/10/31, 12:51:40.947, 168607832960, vstest.console.dll, DataCollectionRequestSender.SendAfterTestRunStartAndGetResult: Send AfterTestRunEnd message with isCancelled: False
TpTrace Verbose: 0 : 20872, 12, 2022/10/31, 12:51:40.954, 168607895543, vstest.console.dll, DataCollectionRequestSender.SendAfterTestRunStartAndGetResult: Received message: (DataCollection.AfterTestRunEndResult) -> {"MessageType":"DataCollection.AfterTestRunEndResult","Payload":{"AttachmentSets":[],"InvokedDataCollectors":[{"Uri":"datacollector://Microsoft/TestPlatform/Extensions/Blame/v1","FriendlyName":"Blame","AssemblyQualifiedName":"Microsoft.TestPlatform.Extensions.BlameDataCollector.BlameCollector, Microsoft.TestPlatform.Extensions.BlameDataCollector, Version=15.0.0.0, Culture=neutral, PublicKeyToken=b03f5f7f11d50a3a","FilePath":"C:\\Program Files\\dotnet\\sdk\\6.0.402\\Extensions\\Microsoft.TestPlatform.Extensions.BlameDataCollector.dll","HasAttachmentProcessor":false}],"Metrics":{}}}
TpTrace Warning: 0 : 20872, 9, 2022/10/31, 12:51:40.958, 168607938742, vstest.console.dll, DataCollectionLauncher.ErrorReceivedCallback datacollector standard error line: 
TpTrace Information: 0 : 20872, 12, 2022/10/31, 12:51:40.963, 168607988672, vstest.console.dll, ProxyDataCollectionManager.InvokeDataCollectionServiceAction: Completed.
TpTrace Information: 0 : 20872, 9, 2022/10/31, 12:51:40.964, 168607998828, vstest.console.dll, DataCollectionLauncher.ExitCallBack: Data collector exited with exitcode: 0 error: ''
TpTrace Verbose: 0 : 20872, 12, 2022/10/31, 12:51:41.013, 168608490072, vstest.console.dll, TestRunRequest:SendTestRunStatsChange: Starting.
TpTrace Verbose: 0 : 20872, 12, 2022/10/31, 12:51:41.013, 168608492191, vstest.console.dll, MulticastDelegateUtilities.SafeInvoke: TestRun.RunStatsChanged: Invoking callbacks was skipped because there are no subscribers.
TpTrace Information: 0 : 20872, 12, 2022/10/31, 12:51:41.013, 168608492645, vstest.console.dll, TestRunRequest:SendTestRunStatsChange: Completed.
TpTrace Verbose: 0 : 20872, 12, 2022/10/31, 12:51:41.014, 168608495774, vstest.console.dll, ParallelProxyExecutionManager: HandlePartialRunComplete: Total completed clients = 1, Run complete = True, Run canceled: False.
TpTrace Verbose: 0 : 20872, 4, 2022/10/31, 12:51:41.016, 168608523556, vstest.console.dll, MulticastDelegateUtilities.SafeInvoke: InternalTestLoggerEvents.SendTestResult: Invoking callback 1/1 for Microsoft.VisualStudio.TestPlatform.CommandLine.Internal.ConsoleLogger.TestResultHandler, took 3 ms.
TpTrace Verbose: 0 : 20872, 4, 2022/10/31, 12:51:41.017, 168608525245, vstest.console.dll, MulticastDelegateUtilities.SafeInvoke: InternalTestLoggerEvents.SendTestResult: Invoking callback 1/1 for Microsoft.VisualStudio.TestPlatform.CommandLine.Internal.ConsoleLogger.TestResultHandler, took 0 ms.
TpTrace Verbose: 0 : 20872, 4, 2022/10/31, 12:51:41.017, 168608526131, vstest.console.dll, MulticastDelegateUtilities.SafeInvoke: InternalTestLoggerEvents.SendTestResult: Invoking callback 1/1 for Microsoft.VisualStudio.TestPlatform.CommandLine.Internal.ConsoleLogger.TestResultHandler, took 0 ms.
TpTrace Verbose: 0 : 20872, 4, 2022/10/31, 12:51:41.017, 168608526821, vstest.console.dll, MulticastDelegateUtilities.SafeInvoke: InternalTestLoggerEvents.SendTestResult: Invoking callback 1/1 for Microsoft.VisualStudio.TestPlatform.CommandLine.Internal.ConsoleLogger.TestResultHandler, took 0 ms.
TpTrace Verbose: 0 : 20872, 4, 2022/10/31, 12:51:41.017, 168608527468, vstest.console.dll, MulticastDelegateUtilities.SafeInvoke: InternalTestLoggerEvents.SendTestResult: Invoking callback 1/1 for Microsoft.VisualStudio.TestPlatform.CommandLine.Internal.ConsoleLogger.TestResultHandler, took 0 ms.
TpTrace Verbose: 0 : 20872, 4, 2022/10/31, 12:51:41.017, 168608528126, vstest.console.dll, MulticastDelegateUtilities.SafeInvoke: InternalTestLoggerEvents.SendTestResult: Invoking callback 1/1 for Microsoft.VisualStudio.TestPlatform.CommandLine.Internal.ConsoleLogger.TestResultHandler, took 0 ms.
TpTrace Verbose: 0 : 20872, 4, 2022/10/31, 12:51:41.017, 168608528777, vstest.console.dll, MulticastDelegateUtilities.SafeInvoke: InternalTestLoggerEvents.SendTestResult: Invoking callback 1/1 for Microsoft.VisualStudio.TestPlatform.CommandLine.Internal.ConsoleLogger.TestResultHandler, took 0 ms.
TpTrace Verbose: 0 : 20872, 4, 2022/10/31, 12:51:41.017, 168608529511, vstest.console.dll, MulticastDelegateUtilities.SafeInvoke: InternalTestLoggerEvents.SendTestResult: Invoking callback 1/1 for Microsoft.VisualStudio.TestPlatform.CommandLine.Internal.ConsoleLogger.TestResultHandler, took 0 ms.
TpTrace Verbose: 0 : 20872, 4, 2022/10/31, 12:51:41.025, 168608614443, vstest.console.dll, MulticastDelegateUtilities.SafeInvoke: InternalTestLoggerEvents.SendTestRunComplete: Invoking callback 1/2 for Microsoft.TestPlatform.Extensions.BlameDataCollector.BlameLogger.TestRunCompleteHandler, took 0 ms.
TpTrace Verbose: 0 : 20872, 4, 2022/10/31, 12:51:41.031, 168608671000, vstest.console.dll, MulticastDelegateUtilities.SafeInvoke: InternalTestLoggerEvents.SendTestRunComplete: Invoking callback 2/2 for Microsoft.VisualStudio.TestPlatform.CommandLine.Internal.ConsoleLogger.TestRunCompleteHandler, took 5 ms.
TpTrace Verbose: 0 : 20872, 12, 2022/10/31, 12:51:41.031, 168608674393, vstest.console.dll, TestRunRequest:TestRunComplete: Starting. IsAborted:False IsCanceled:False.
TpTrace Verbose: 0 : 20872, 12, 2022/10/31, 12:51:41.033, 168608686472, vstest.console.dll, TestLoggerManager.HandleTestRunComplete: Ignoring as the object is disposed.
TpTrace Verbose: 0 : 20872, 12, 2022/10/31, 12:51:41.033, 168608688858, vstest.console.dll, MulticastDelegateUtilities.SafeInvoke: TestRun.TestRunComplete: Invoking callback 1/2 for Microsoft.VisualStudio.TestPlatform.CommandLine.TestRunResultAggregator.TestRunCompletionHandler, took 0 ms.
TpTrace Verbose: 0 : 20872, 12, 2022/10/31, 12:51:41.033, 168608689631, vstest.console.dll, MulticastDelegateUtilities.SafeInvoke: TestRun.TestRunComplete: Invoking callback 2/2 for Microsoft.VisualStudio.TestPlatform.CommandLine.Processors.RunTestsArgumentExecutor+TestRunRequestEventsRegistrar.TestRunRequest_OnRunCompletion, took 0 ms.
TpTrace Information: 0 : 20872, 12, 2022/10/31, 12:51:41.033, 168608690553, vstest.console.dll, TestRunRequest:TestRunComplete: Completed.
TpTrace Verbose: 0 : 20872, 12, 2022/10/31, 12:51:41.033, 168608690953, vstest.console.dll, TestRequestSender.SetOperationComplete: Setting operation complete.
TpTrace Verbose: 0 : 20872, 1, 2022/10/31, 12:51:41.033, 168608691158, vstest.console.dll, TestRunRequest.Dispose: Starting.
TpTrace Information: 0 : 20872, 12, 2022/10/31, 12:51:41.033, 168608691235, vstest.console.dll, SocketServer.Stop: Stop server endPoint: 127.0.0.1:56066
TpTrace Information: 0 : 20872, 1, 2022/10/31, 12:51:41.033, 168608691836, vstest.console.dll, TestRunRequest.Dispose: Completed.
TpTrace Information: 0 : 20872, 12, 2022/10/31, 12:51:41.033, 168608692147, vstest.console.dll, SocketServer.Stop: Cancellation requested. Stopping message loop.
TpTrace Information: 0 : 20872, 1, 2022/10/31, 12:51:41.033, 168608692733, vstest.console.dll, TestRequestManager.RunTests: run tests completed.
TpTrace Verbose: 0 : 20872, 12, 2022/10/31, 12:51:41.033, 168608693217, vstest.console.dll, MulticastDelegateUtilities.SafeInvoke: LengthPrefixCommunicationChannel: MessageReceived: Invoking callback 1/1 for Microsoft.VisualStudio.TestPlatform.CommunicationUtilities.TestRequestSender+<>c__DisplayClass31_0.<StartTestRun>b__1, took 123 ms.
TpTrace Information: 0 : 20872, 1, 2022/10/31, 12:51:41.033, 168608693552, vstest.console.dll, RunTestsArgumentProcessor:Execute: Test run is completed.
TpTrace Information: 0 : 20872, 12, 2022/10/31, 12:51:41.033, 168608693727, vstest.console.dll, SocketServer.PrivateStop: Stopping server endPoint: 127.0.0.1:56066 error: 
TpTrace Verbose: 0 : 20872, 1, 2022/10/31, 12:51:41.034, 168608695279, vstest.console.dll, Executor.Execute: Exiting with exit code of 0
TpTrace Verbose: 0 : 20872, 12, 2022/10/31, 12:51:41.034, 168608698325, vstest.console.dll, LengthPrefixCommunicationChannel.Dispose: Dispose reader and writer.
TpTrace Information: 0 : 20872, 12, 2022/10/31, 12:51:41.034, 168608699050, vstest.console.dll, SocketServer.Stop: Raise disconnected event endPoint: 127.0.0.1:56066 error: 
TpTrace Verbose: 0 : 20872, 12, 2022/10/31, 12:51:41.034, 168608699701, vstest.console.dll, TestRequestSender: OnTestRunAbort: Operation is already complete. Skip error message.
TpTrace Verbose: 0 : 20872, 12, 2022/10/31, 12:51:41.034, 168608700109, vstest.console.dll, MulticastDelegateUtilities.SafeInvoke: SocketServer: ClientDisconnected: Invoking callback 1/1 for Microsoft.VisualStudio.TestPlatform.CommunicationUtilities.TestRequestSender.<InitializeCommunication>b__24_1, took 0 ms.
TpTrace Verbose: 0 : 20872, 12, 2022/10/31, 12:51:41.034, 168608700421, vstest.console.dll, TcpClientExtensions.MessageLoopAsync: exiting MessageLoopAsync remoteEndPoint: 127.0.0.1:56067 localEndPoint: 127.0.0.1:56066
